2019-08-23 14:37:29,076 ERROR 13364 nodejs.unhandledExceptionError: read ECONNRESET
    at TCP.onStreamRead (internal/stream_base_commons.js:111:27)
errno: "ECONNRESET"
code: "ECONNRESET"
syscall: "read"
name: "unhandledExceptionError"
pid: 13364
hostname: DESKTOP-COOIT9S

2019-08-23 15:16:24,345 ERROR 13364 nodejs.unhandledExceptionError: read ECONNRESET
    at TCP.onStreamRead (internal/stream_base_commons.js:111:27)
errno: "ECONNRESET"
code: "ECONNRESET"
syscall: "read"
name: "unhandledExceptionError"
pid: 13364
hostname: DESKTOP-COOIT9S

2019-08-23 15:16:29,647 ERROR 11868 nodejs.TypeError: this.ctx.service.food.deleteFood is not a function
    at Food.deleteFood (E:\饿了吗全链路开发\我的仓库\ele-admin-ts\ele-admin-ts\app\controller\food.ts:60:44)
    at Object.callFn (E:\饿了吗全链路开发\我的仓库\ele-admin-ts\ele-admin-ts\node_modules\egg-core\lib\utils\index.js:44:21)
    at Object.classControllerMiddleware (E:\饿了吗全链路开发\我的仓库\ele-admin-ts\ele-admin-ts\node_modules\egg-core\lib\loader\mixin\controller.js:87:20)
    at Object.callFn (E:\饿了吗全链路开发\我的仓库\ele-admin-ts\ele-admin-ts\node_modules\@eggjs\router\lib\utils.js:12:21)
    at wrappedController (E:\饿了吗全链路开发\我的仓库\ele-admin-ts\ele-admin-ts\node_modules\@eggjs\router\lib\egg_router.js:322:18)
    at dispatch (E:\饿了吗全链路开发\我的仓库\ele-admin-ts\ele-admin-ts\node_modules\koa-compose\index.js:44:32)
    at next (E:\饿了吗全链路开发\我的仓库\ele-admin-ts\ele-admin-ts\node_modules\koa-compose\index.js:45:18)
    at E:\饿了吗全链路开发\我的仓库\ele-admin-ts\ele-admin-ts\node_modules\@eggjs\router\lib\router.js:190:18
    at dispatch (E:\饿了吗全链路开发\我的仓库\ele-admin-ts\ele-admin-ts\node_modules\koa-compose\index.js:44:32)
    at E:\饿了吗全链路开发\我的仓库\ele-admin-ts\ele-admin-ts\node_modules\koa-compose\index.js:36:12
    at dispatch (E:\饿了吗全链路开发\我的仓库\ele-admin-ts\ele-admin-ts\node_modules\@eggjs\router\lib\router.js:195:33)
    at dispatch (E:\饿了吗全链路开发\我的仓库\ele-admin-ts\ele-admin-ts\node_modules\koa\node_modules\koa-compose\index.js:42:32)
    at E:\饿了吗全链路开发\我的仓库\ele-admin-ts\ele-admin-ts\app\middleware\error_handler.js:13:13
    at dispatch (E:\饿了吗全链路开发\我的仓库\ele-admin-ts\ele-admin-ts\node_modules\koa\node_modules\koa-compose\index.js:42:32)
    at E:\饿了吗全链路开发\我的仓库\ele-admin-ts\ele-admin-ts\node_modules\egg-development\app\middleware\egg_loader_trace.js:9:56
    at dispatch (E:\饿了吗全链路开发\我的仓库\ele-admin-ts\ele-admin-ts\node_modules\koa\node_modules\koa-compose\index.js:42:32)
    at i18n (E:\饿了吗全链路开发\我的仓库\ele-admin-ts\ele-admin-ts\node_modules\egg-i18n\app\middleware\i18n.js:13:12)
    at dispatch (E:\饿了吗全链路开发\我的仓库\ele-admin-ts\ele-admin-ts\node_modules\koa\node_modules\koa-compose\index.js:42:32)
    at dispatch (E:\饿了吗全链路开发\我的仓库\ele-admin-ts\ele-admin-ts\node_modules\egg-security\node_modules\koa-compose\index.js:42:32)
    at dta (E:\饿了吗全链路开发\我的仓库\ele-admin-ts\ele-admin-ts\node_modules\egg-security\lib\middlewares\dta.js:12:12)
    at dispatch (E:\饿了吗全链路开发\我的仓库\ele-admin-ts\ele-admin-ts\node_modules\egg-security\node_modules\koa-compose\index.js:42:32)
    at xframe (E:\饿了吗全链路开发\我的仓库\ele-admin-ts\ele-admin-ts\node_modules\egg-security\lib\middlewares\xframe.js:7:11)

pid: 11868
hostname: DESKTOP-COOIT9S

2019-08-23 15:16:29,657 ERROR 11868 nodejs.TypeError: Cannot read property 'error' of undefined
    at Application.app.on (E:\饿了吗全链路开发\我的仓库\ele-admin-ts\ele-admin-ts\node_modules\egg-onerror\app.js:27:20)
    at Application.emit (events.js:189:13)
    at E:\饿了吗全链路开发\我的仓库\ele-admin-ts\ele-admin-ts\app\middleware\error_handler.js:16:15
    at process._tickCallback (internal/process/next_tick.js:68:7)

pid: 11868
hostname: DESKTOP-COOIT9S

2019-08-23 15:17:25,040 ERROR 13364 nodejs.unhandledExceptionError: read ECONNRESET
    at TCP.onStreamRead (internal/stream_base_commons.js:111:27)
errno: "ECONNRESET"
code: "ECONNRESET"
syscall: "read"
name: "unhandledExceptionError"
pid: 13364
hostname: DESKTOP-COOIT9S

2019-08-23 15:17:33,361 ERROR 1548 nodejs.TypeError: this.ctx.service.food.deleteFood is not a function
    at Food.deleteFood (E:\饿了吗全链路开发\我的仓库\ele-admin-ts\ele-admin-ts\app\controller\food.ts:60:44)
    at Object.callFn (E:\饿了吗全链路开发\我的仓库\ele-admin-ts\ele-admin-ts\node_modules\egg-core\lib\utils\index.js:44:21)
    at Object.classControllerMiddleware (E:\饿了吗全链路开发\我的仓库\ele-admin-ts\ele-admin-ts\node_modules\egg-core\lib\loader\mixin\controller.js:87:20)
    at Object.callFn (E:\饿了吗全链路开发\我的仓库\ele-admin-ts\ele-admin-ts\node_modules\@eggjs\router\lib\utils.js:12:21)
    at wrappedController (E:\饿了吗全链路开发\我的仓库\ele-admin-ts\ele-admin-ts\node_modules\@eggjs\router\lib\egg_router.js:322:18)
    at dispatch (E:\饿了吗全链路开发\我的仓库\ele-admin-ts\ele-admin-ts\node_modules\koa-compose\index.js:44:32)
    at next (E:\饿了吗全链路开发\我的仓库\ele-admin-ts\ele-admin-ts\node_modules\koa-compose\index.js:45:18)
    at E:\饿了吗全链路开发\我的仓库\ele-admin-ts\ele-admin-ts\node_modules\@eggjs\router\lib\router.js:190:18
    at dispatch (E:\饿了吗全链路开发\我的仓库\ele-admin-ts\ele-admin-ts\node_modules\koa-compose\index.js:44:32)
    at E:\饿了吗全链路开发\我的仓库\ele-admin-ts\ele-admin-ts\node_modules\koa-compose\index.js:36:12
    at dispatch (E:\饿了吗全链路开发\我的仓库\ele-admin-ts\ele-admin-ts\node_modules\@eggjs\router\lib\router.js:195:33)
    at dispatch (E:\饿了吗全链路开发\我的仓库\ele-admin-ts\ele-admin-ts\node_modules\koa\node_modules\koa-compose\index.js:42:32)
    at E:\饿了吗全链路开发\我的仓库\ele-admin-ts\ele-admin-ts\app\middleware\error_handler.js:13:13
    at dispatch (E:\饿了吗全链路开发\我的仓库\ele-admin-ts\ele-admin-ts\node_modules\koa\node_modules\koa-compose\index.js:42:32)
    at E:\饿了吗全链路开发\我的仓库\ele-admin-ts\ele-admin-ts\node_modules\egg-development\app\middleware\egg_loader_trace.js:9:56
    at dispatch (E:\饿了吗全链路开发\我的仓库\ele-admin-ts\ele-admin-ts\node_modules\koa\node_modules\koa-compose\index.js:42:32)
    at i18n (E:\饿了吗全链路开发\我的仓库\ele-admin-ts\ele-admin-ts\node_modules\egg-i18n\app\middleware\i18n.js:13:12)
    at dispatch (E:\饿了吗全链路开发\我的仓库\ele-admin-ts\ele-admin-ts\node_modules\koa\node_modules\koa-compose\index.js:42:32)
    at dispatch (E:\饿了吗全链路开发\我的仓库\ele-admin-ts\ele-admin-ts\node_modules\egg-security\node_modules\koa-compose\index.js:42:32)
    at dta (E:\饿了吗全链路开发\我的仓库\ele-admin-ts\ele-admin-ts\node_modules\egg-security\lib\middlewares\dta.js:12:12)
    at dispatch (E:\饿了吗全链路开发\我的仓库\ele-admin-ts\ele-admin-ts\node_modules\egg-security\node_modules\koa-compose\index.js:42:32)
    at xframe (E:\饿了吗全链路开发\我的仓库\ele-admin-ts\ele-admin-ts\node_modules\egg-security\lib\middlewares\xframe.js:7:11)

pid: 1548
hostname: DESKTOP-COOIT9S

2019-08-23 15:17:33,371 ERROR 1548 nodejs.TypeError: Cannot read property 'error' of undefined
    at Application.app.on (E:\饿了吗全链路开发\我的仓库\ele-admin-ts\ele-admin-ts\node_modules\egg-onerror\app.js:27:20)
    at Application.emit (events.js:189:13)
    at E:\饿了吗全链路开发\我的仓库\ele-admin-ts\ele-admin-ts\app\middleware\error_handler.js:16:15
    at process._tickCallback (internal/process/next_tick.js:68:7)

pid: 1548
hostname: DESKTOP-COOIT9S

2019-08-23 15:17:58,550 ERROR 11212 nodejs.TypeError: this.ctx.service.food.deleteFood is not a function
    at Food.deleteFood (E:\饿了吗全链路开发\我的仓库\ele-admin-ts\ele-admin-ts\app\controller\food.ts:60:44)
    at Object.callFn (E:\饿了吗全链路开发\我的仓库\ele-admin-ts\ele-admin-ts\node_modules\egg-core\lib\utils\index.js:44:21)
    at Object.classControllerMiddleware (E:\饿了吗全链路开发\我的仓库\ele-admin-ts\ele-admin-ts\node_modules\egg-core\lib\loader\mixin\controller.js:87:20)
    at Object.callFn (E:\饿了吗全链路开发\我的仓库\ele-admin-ts\ele-admin-ts\node_modules\@eggjs\router\lib\utils.js:12:21)
    at wrappedController (E:\饿了吗全链路开发\我的仓库\ele-admin-ts\ele-admin-ts\node_modules\@eggjs\router\lib\egg_router.js:322:18)
    at dispatch (E:\饿了吗全链路开发\我的仓库\ele-admin-ts\ele-admin-ts\node_modules\koa-compose\index.js:44:32)
    at next (E:\饿了吗全链路开发\我的仓库\ele-admin-ts\ele-admin-ts\node_modules\koa-compose\index.js:45:18)
    at E:\饿了吗全链路开发\我的仓库\ele-admin-ts\ele-admin-ts\node_modules\@eggjs\router\lib\router.js:190:18
    at dispatch (E:\饿了吗全链路开发\我的仓库\ele-admin-ts\ele-admin-ts\node_modules\koa-compose\index.js:44:32)
    at E:\饿了吗全链路开发\我的仓库\ele-admin-ts\ele-admin-ts\node_modules\koa-compose\index.js:36:12
    at dispatch (E:\饿了吗全链路开发\我的仓库\ele-admin-ts\ele-admin-ts\node_modules\@eggjs\router\lib\router.js:195:33)
    at dispatch (E:\饿了吗全链路开发\我的仓库\ele-admin-ts\ele-admin-ts\node_modules\koa\node_modules\koa-compose\index.js:42:32)
    at E:\饿了吗全链路开发\我的仓库\ele-admin-ts\ele-admin-ts\app\middleware\error_handler.js:13:13
    at dispatch (E:\饿了吗全链路开发\我的仓库\ele-admin-ts\ele-admin-ts\node_modules\koa\node_modules\koa-compose\index.js:42:32)
    at E:\饿了吗全链路开发\我的仓库\ele-admin-ts\ele-admin-ts\node_modules\egg-development\app\middleware\egg_loader_trace.js:9:56
    at dispatch (E:\饿了吗全链路开发\我的仓库\ele-admin-ts\ele-admin-ts\node_modules\koa\node_modules\koa-compose\index.js:42:32)
    at i18n (E:\饿了吗全链路开发\我的仓库\ele-admin-ts\ele-admin-ts\node_modules\egg-i18n\app\middleware\i18n.js:13:12)
    at dispatch (E:\饿了吗全链路开发\我的仓库\ele-admin-ts\ele-admin-ts\node_modules\koa\node_modules\koa-compose\index.js:42:32)
    at dispatch (E:\饿了吗全链路开发\我的仓库\ele-admin-ts\ele-admin-ts\node_modules\egg-security\node_modules\koa-compose\index.js:42:32)
    at dta (E:\饿了吗全链路开发\我的仓库\ele-admin-ts\ele-admin-ts\node_modules\egg-security\lib\middlewares\dta.js:12:12)
    at dispatch (E:\饿了吗全链路开发\我的仓库\ele-admin-ts\ele-admin-ts\node_modules\egg-security\node_modules\koa-compose\index.js:42:32)
    at xframe (E:\饿了吗全链路开发\我的仓库\ele-admin-ts\ele-admin-ts\node_modules\egg-security\lib\middlewares\xframe.js:7:11)

pid: 11212
hostname: DESKTOP-COOIT9S

2019-08-23 15:17:58,559 ERROR 11212 nodejs.TypeError: Cannot read property 'error' of undefined
    at Application.app.on (E:\饿了吗全链路开发\我的仓库\ele-admin-ts\ele-admin-ts\node_modules\egg-onerror\app.js:27:20)
    at Application.emit (events.js:189:13)
    at E:\饿了吗全链路开发\我的仓库\ele-admin-ts\ele-admin-ts\app\middleware\error_handler.js:16:15
    at process._tickCallback (internal/process/next_tick.js:68:7)

pid: 11212
hostname: DESKTOP-COOIT9S

2019-08-23 15:18:38,844 ERROR 5036 nodejs.TypeError: Cannot read property 'update' of undefined
    at Food.deleteFood (E:\饿了吗全链路开发\我的仓库\ele-admin-ts\ele-admin-ts\app\service\food.ts:38:42)
    at Food.deleteFood (E:\饿了吗全链路开发\我的仓库\ele-admin-ts\ele-admin-ts\app\controller\food.ts:60:44)
    at Object.callFn (E:\饿了吗全链路开发\我的仓库\ele-admin-ts\ele-admin-ts\node_modules\egg-core\lib\utils\index.js:44:21)
    at Object.classControllerMiddleware (E:\饿了吗全链路开发\我的仓库\ele-admin-ts\ele-admin-ts\node_modules\egg-core\lib\loader\mixin\controller.js:87:20)
    at Object.callFn (E:\饿了吗全链路开发\我的仓库\ele-admin-ts\ele-admin-ts\node_modules\@eggjs\router\lib\utils.js:12:21)
    at wrappedController (E:\饿了吗全链路开发\我的仓库\ele-admin-ts\ele-admin-ts\node_modules\@eggjs\router\lib\egg_router.js:322:18)
    at dispatch (E:\饿了吗全链路开发\我的仓库\ele-admin-ts\ele-admin-ts\node_modules\koa-compose\index.js:44:32)
    at next (E:\饿了吗全链路开发\我的仓库\ele-admin-ts\ele-admin-ts\node_modules\koa-compose\index.js:45:18)
    at E:\饿了吗全链路开发\我的仓库\ele-admin-ts\ele-admin-ts\node_modules\@eggjs\router\lib\router.js:190:18
    at dispatch (E:\饿了吗全链路开发\我的仓库\ele-admin-ts\ele-admin-ts\node_modules\koa-compose\index.js:44:32)
    at E:\饿了吗全链路开发\我的仓库\ele-admin-ts\ele-admin-ts\node_modules\koa-compose\index.js:36:12
    at dispatch (E:\饿了吗全链路开发\我的仓库\ele-admin-ts\ele-admin-ts\node_modules\@eggjs\router\lib\router.js:195:33)
    at dispatch (E:\饿了吗全链路开发\我的仓库\ele-admin-ts\ele-admin-ts\node_modules\koa\node_modules\koa-compose\index.js:42:32)
    at E:\饿了吗全链路开发\我的仓库\ele-admin-ts\ele-admin-ts\app\middleware\error_handler.js:13:13
    at dispatch (E:\饿了吗全链路开发\我的仓库\ele-admin-ts\ele-admin-ts\node_modules\koa\node_modules\koa-compose\index.js:42:32)
    at E:\饿了吗全链路开发\我的仓库\ele-admin-ts\ele-admin-ts\node_modules\egg-development\app\middleware\egg_loader_trace.js:9:56
    at dispatch (E:\饿了吗全链路开发\我的仓库\ele-admin-ts\ele-admin-ts\node_modules\koa\node_modules\koa-compose\index.js:42:32)
    at i18n (E:\饿了吗全链路开发\我的仓库\ele-admin-ts\ele-admin-ts\node_modules\egg-i18n\app\middleware\i18n.js:13:12)
    at dispatch (E:\饿了吗全链路开发\我的仓库\ele-admin-ts\ele-admin-ts\node_modules\koa\node_modules\koa-compose\index.js:42:32)
    at dispatch (E:\饿了吗全链路开发\我的仓库\ele-admin-ts\ele-admin-ts\node_modules\egg-security\node_modules\koa-compose\index.js:42:32)
    at dta (E:\饿了吗全链路开发\我的仓库\ele-admin-ts\ele-admin-ts\node_modules\egg-security\lib\middlewares\dta.js:12:12)
    at dispatch (E:\饿了吗全链路开发\我的仓库\ele-admin-ts\ele-admin-ts\node_modules\egg-security\node_modules\koa-compose\index.js:42:32)

pid: 5036
hostname: DESKTOP-COOIT9S

2019-08-23 15:18:38,859 ERROR 5036 nodejs.TypeError: Cannot read property 'error' of undefined
    at Application.app.on (E:\饿了吗全链路开发\我的仓库\ele-admin-ts\ele-admin-ts\node_modules\egg-onerror\app.js:27:20)
    at Application.emit (events.js:189:13)
    at E:\饿了吗全链路开发\我的仓库\ele-admin-ts\ele-admin-ts\app\middleware\error_handler.js:16:15
    at process._tickCallback (internal/process/next_tick.js:68:7)

pid: 5036
hostname: DESKTOP-COOIT9S

2019-08-23 15:19:43,579 ERROR 5684 nodejs.TypeError: Cannot read property 'update' of undefined
    at Food.deleteFood (E:\饿了吗全链路开发\我的仓库\ele-admin-ts\ele-admin-ts\app\service\food.ts:38:42)
    at Food.deleteFood (E:\饿了吗全链路开发\我的仓库\ele-admin-ts\ele-admin-ts\app\controller\food.ts:60:44)
    at Object.callFn (E:\饿了吗全链路开发\我的仓库\ele-admin-ts\ele-admin-ts\node_modules\egg-core\lib\utils\index.js:44:21)
    at Object.classControllerMiddleware (E:\饿了吗全链路开发\我的仓库\ele-admin-ts\ele-admin-ts\node_modules\egg-core\lib\loader\mixin\controller.js:87:20)
    at Object.callFn (E:\饿了吗全链路开发\我的仓库\ele-admin-ts\ele-admin-ts\node_modules\@eggjs\router\lib\utils.js:12:21)
    at wrappedController (E:\饿了吗全链路开发\我的仓库\ele-admin-ts\ele-admin-ts\node_modules\@eggjs\router\lib\egg_router.js:322:18)
    at dispatch (E:\饿了吗全链路开发\我的仓库\ele-admin-ts\ele-admin-ts\node_modules\koa-compose\index.js:44:32)
    at next (E:\饿了吗全链路开发\我的仓库\ele-admin-ts\ele-admin-ts\node_modules\koa-compose\index.js:45:18)
    at E:\饿了吗全链路开发\我的仓库\ele-admin-ts\ele-admin-ts\node_modules\@eggjs\router\lib\router.js:190:18
    at dispatch (E:\饿了吗全链路开发\我的仓库\ele-admin-ts\ele-admin-ts\node_modules\koa-compose\index.js:44:32)
    at E:\饿了吗全链路开发\我的仓库\ele-admin-ts\ele-admin-ts\node_modules\koa-compose\index.js:36:12
    at dispatch (E:\饿了吗全链路开发\我的仓库\ele-admin-ts\ele-admin-ts\node_modules\@eggjs\router\lib\router.js:195:33)
    at dispatch (E:\饿了吗全链路开发\我的仓库\ele-admin-ts\ele-admin-ts\node_modules\koa\node_modules\koa-compose\index.js:42:32)
    at E:\饿了吗全链路开发\我的仓库\ele-admin-ts\ele-admin-ts\app\middleware\error_handler.js:13:13
    at dispatch (E:\饿了吗全链路开发\我的仓库\ele-admin-ts\ele-admin-ts\node_modules\koa\node_modules\koa-compose\index.js:42:32)
    at E:\饿了吗全链路开发\我的仓库\ele-admin-ts\ele-admin-ts\node_modules\egg-development\app\middleware\egg_loader_trace.js:9:56
    at dispatch (E:\饿了吗全链路开发\我的仓库\ele-admin-ts\ele-admin-ts\node_modules\koa\node_modules\koa-compose\index.js:42:32)
    at i18n (E:\饿了吗全链路开发\我的仓库\ele-admin-ts\ele-admin-ts\node_modules\egg-i18n\app\middleware\i18n.js:13:12)
    at dispatch (E:\饿了吗全链路开发\我的仓库\ele-admin-ts\ele-admin-ts\node_modules\koa\node_modules\koa-compose\index.js:42:32)
    at dispatch (E:\饿了吗全链路开发\我的仓库\ele-admin-ts\ele-admin-ts\node_modules\egg-security\node_modules\koa-compose\index.js:42:32)
    at dta (E:\饿了吗全链路开发\我的仓库\ele-admin-ts\ele-admin-ts\node_modules\egg-security\lib\middlewares\dta.js:12:12)
    at dispatch (E:\饿了吗全链路开发\我的仓库\ele-admin-ts\ele-admin-ts\node_modules\egg-security\node_modules\koa-compose\index.js:42:32)

pid: 5684
hostname: DESKTOP-COOIT9S

2019-08-23 15:19:43,592 ERROR 5684 nodejs.TypeError: Cannot read property 'error' of undefined
    at Application.app.on (E:\饿了吗全链路开发\我的仓库\ele-admin-ts\ele-admin-ts\node_modules\egg-onerror\app.js:27:20)
    at Application.emit (events.js:189:13)
    at E:\饿了吗全链路开发\我的仓库\ele-admin-ts\ele-admin-ts\app\middleware\error_handler.js:16:15
    at process._tickCallback (internal/process/next_tick.js:68:7)

pid: 5684
hostname: DESKTOP-COOIT9S

2019-08-23 15:28:33,904 ERROR 13364 nodejs.ClusterClientNoResponseError: client no response in 75404ms exceeding maxIdleTime 60000ms, maybe the connection is close on other side.
    at Timeout.Leader._heartbeatTimer.setInterval [as _onTimeout] (E:\饿了吗全链路开发\我的仓库\ele-admin-ts\ele-admin-ts\node_modules\cluster-client\lib\leader.js:77:23)
    at ontimeout (timers.js:436:11)
    at tryOnTimeout (timers.js:300:5)
    at listOnTimeout (timers.js:263:5)
    at Timer.processTimers (timers.js:223:10)
name: "ClusterClientNoResponseError"
pid: 13364
hostname: DESKTOP-COOIT9S

2019-08-23 16:43:14,075 ERROR 13364 nodejs.ClusterClientNoResponseError: client no response in 79879ms exceeding maxIdleTime 60000ms, maybe the connection is close on other side.
    at Timeout.Leader._heartbeatTimer.setInterval [as _onTimeout] (E:\饿了吗全链路开发\我的仓库\ele-admin-ts\ele-admin-ts\node_modules\cluster-client\lib\leader.js:77:23)
    at ontimeout (timers.js:436:11)
    at tryOnTimeout (timers.js:300:5)
    at listOnTimeout (timers.js:263:5)
    at Timer.processTimers (timers.js:223:10)
name: "ClusterClientNoResponseError"
pid: 13364
hostname: DESKTOP-COOIT9S

2019-08-23 16:46:25,384 ERROR 15556 nodejs.ECONNABORTEDError: write ECONNABORTED (address: 127.0.0.1:57048)
    at afterWriteDispatched (internal/stream_base_commons.js:78:25)
    at writeGeneric (internal/stream_base_commons.js:73:3)
    at Socket._writeGeneric (net.js:704:5)
    at Socket._write (net.js:716:8)
    at doWrite (_stream_writable.js:410:12)
    at writeOrBuffer (_stream_writable.js:394:5)
    at Socket.Writable.write (_stream_writable.js:294:11)
    at Follower.sendHeartBeat (E:\饿了吗全链路开发\我的仓库\ele-admin-ts\ele-admin-ts\node_modules\tcp-base\lib\base.js:105:18)
    at Timeout._heartbeatTimer.setInterval [as _onTimeout] (E:\饿了吗全链路开发\我的仓库\ele-admin-ts\ele-admin-ts\node_modules\tcp-base\lib\base.js:437:12)
    at ontimeout (timers.js:436:11)
    at tryOnTimeout (timers.js:300:5)
    at listOnTimeout (timers.js:263:5)
    at Timer.processTimers (timers.js:223:10)
errno: "ECONNABORTED"
code: "ECONNABORTED"
syscall: "write"
name: "ECONNABORTEDError"
pid: 15556
hostname: DESKTOP-COOIT9S

2019-08-23 16:48:34,091 ERROR 13364 nodejs.ClusterClientNoResponseError: client no response in 72851ms exceeding maxIdleTime 60000ms, maybe the connection is close on other side.
    at Timeout.Leader._heartbeatTimer.setInterval [as _onTimeout] (E:\饿了吗全链路开发\我的仓库\ele-admin-ts\ele-admin-ts\node_modules\cluster-client\lib\leader.js:77:23)
    at ontimeout (timers.js:436:11)
    at tryOnTimeout (timers.js:300:5)
    at listOnTimeout (timers.js:263:5)
    at Timer.processTimers (timers.js:223:10)
name: "ClusterClientNoResponseError"
pid: 13364
hostname: DESKTOP-COOIT9S

2019-08-23 16:51:12,505 ERROR 16884 nodejs.ECONNABORTEDError: write ECONNABORTED (address: 127.0.0.1:57048)
    at afterWriteDispatched (internal/stream_base_commons.js:78:25)
    at writeGeneric (internal/stream_base_commons.js:73:3)
    at Socket._writeGeneric (net.js:704:5)
    at Socket._write (net.js:716:8)
    at doWrite (_stream_writable.js:410:12)
    at writeOrBuffer (_stream_writable.js:394:5)
    at Socket.Writable.write (_stream_writable.js:294:11)
    at Follower.sendHeartBeat (E:\饿了吗全链路开发\我的仓库\ele-admin-ts\ele-admin-ts\node_modules\tcp-base\lib\base.js:105:18)
    at Timeout._heartbeatTimer.setInterval [as _onTimeout] (E:\饿了吗全链路开发\我的仓库\ele-admin-ts\ele-admin-ts\node_modules\tcp-base\lib\base.js:437:12)
    at ontimeout (timers.js:436:11)
    at tryOnTimeout (timers.js:300:5)
    at listOnTimeout (timers.js:263:5)
    at Timer.processTimers (timers.js:223:10)
errno: "ECONNABORTED"
code: "ECONNABORTED"
syscall: "write"
name: "ECONNABORTEDError"
pid: 16884
hostname: DESKTOP-COOIT9S

2019-08-23 17:24:45,392 ERROR 19208 nodejs.unhandledExceptionError: read ECONNRESET
    at TCP.onStreamRead (internal/stream_base_commons.js:111:27)
errno: "ECONNRESET"
code: "ECONNRESET"
syscall: "read"
name: "unhandledExceptionError"
pid: 19208
hostname: DESKTOP-COOIT9S

