2019-08-27 04:29:47,304 INFO 15356 [Timer] E:\饿了吗全链路开发\我的仓库\ele-admin-ts\ele-admin-ts\node_modules\egg-multipart\app\schedule\clean_tmpdir.js next time will execute after 86412699ms at 2019-08-28 04:30:00.003
2019-08-27 04:29:47,299 INFO 4772 [Job#1566851387298676762538858991] E:\饿了吗全链路开发\我的仓库\ele-admin-ts\ele-admin-ts\node_modules\egg-multipart\app\schedule\clean_tmpdir.js executing by app
2019-08-27 04:29:47,308 INFO 4772 [Job#1566851387298676762538858991] E:\饿了吗全链路开发\我的仓库\ele-admin-ts\ele-admin-ts\node_modules\egg-multipart\app\schedule\clean_tmpdir.js execute succeed, used 9ms
2019-09-02 19:44:08,819 INFO 14324 [egg-schedule]: register schedule E:\饿了吗全链路开发\我的仓库\ele-admin-ts\ele-admin-ts\node_modules\egg-multipart\app\schedule\clean_tmpdir.js
2019-09-02 19:44:08,819 INFO 14324 [egg-schedule]: register schedule E:\饿了吗全链路开发\我的仓库\ele-admin-ts\ele-admin-ts\node_modules\egg-logrotator\app\schedule\clean_log.js
2019-09-02 19:44:08,819 INFO 14324 [egg-schedule]: register schedule E:\饿了吗全链路开发\我的仓库\ele-admin-ts\ele-admin-ts\node_modules\egg-logrotator\app\schedule\rotate_by_file.js
2019-09-02 19:44:11,531 INFO 2396 [Timer] E:\饿了吗全链路开发\我的仓库\ele-admin-ts\ele-admin-ts\node_modules\egg-multipart\app\schedule\clean_tmpdir.js next time will execute after 31548472ms at 2019-09-03 04:30:00.003
2019-09-02 19:44:11,531 INFO 2396 [Timer] E:\饿了吗全链路开发\我的仓库\ele-admin-ts\ele-admin-ts\node_modules\egg-logrotator\app\schedule\clean_log.js next time will execute after 15348469ms at 2019-09-03 00:00:00.000
2019-09-02 19:44:11,532 INFO 2396 [Timer] E:\饿了吗全链路开发\我的仓库\ele-admin-ts\ele-admin-ts\node_modules\egg-logrotator\app\schedule\rotate_by_file.js next time will execute after 15349469ms at 2019-09-03 00:00:01.001
2019-09-02 19:44:11,478 INFO 14152 [egg-schedule]: register schedule E:\饿了吗全链路开发\我的仓库\ele-admin-ts\ele-admin-ts\node_modules\egg-multipart\app\schedule\clean_tmpdir.js
2019-09-02 19:44:11,478 INFO 14152 [egg-schedule]: register schedule E:\饿了吗全链路开发\我的仓库\ele-admin-ts\ele-admin-ts\node_modules\egg-logrotator\app\schedule\clean_log.js
2019-09-02 19:44:11,478 INFO 14152 [egg-schedule]: register schedule E:\饿了吗全链路开发\我的仓库\ele-admin-ts\ele-admin-ts\node_modules\egg-logrotator\app\schedule\rotate_by_file.js
2019-09-02 19:48:26,006 INFO 2448 [egg-schedule]: register schedule E:\饿了吗全链路开发\我的仓库\ele-admin-ts\ele-admin-ts\node_modules\egg-multipart\app\schedule\clean_tmpdir.js
2019-09-02 19:48:26,006 INFO 2448 [egg-schedule]: register schedule E:\饿了吗全链路开发\我的仓库\ele-admin-ts\ele-admin-ts\node_modules\egg-logrotator\app\schedule\clean_log.js
2019-09-02 19:48:26,006 INFO 2448 [egg-schedule]: register schedule E:\饿了吗全链路开发\我的仓库\ele-admin-ts\ele-admin-ts\node_modules\egg-logrotator\app\schedule\rotate_by_file.js
2019-09-02 19:48:26,713 INFO 15144 [Timer] E:\饿了吗全链路开发\我的仓库\ele-admin-ts\ele-admin-ts\node_modules\egg-multipart\app\schedule\clean_tmpdir.js next time will execute after 31293290ms at 2019-09-03 04:30:00.003
2019-09-02 19:48:26,714 INFO 15144 [Timer] E:\饿了吗全链路开发\我的仓库\ele-admin-ts\ele-admin-ts\node_modules\egg-logrotator\app\schedule\clean_log.js next time will execute after 15093287ms at 2019-09-03 00:00:00.001
2019-09-02 19:48:26,714 INFO 15144 [Timer] E:\饿了吗全链路开发\我的仓库\ele-admin-ts\ele-admin-ts\node_modules\egg-logrotator\app\schedule\rotate_by_file.js next time will execute after 15094286ms at 2019-09-03 00:00:01.000
2019-09-02 19:50:14,234 INFO 5760 [egg-schedule]: register schedule E:\饿了吗全链路开发\我的仓库\ele-admin-ts\ele-admin-ts\node_modules\egg-multipart\app\schedule\clean_tmpdir.js
2019-09-02 19:50:14,234 INFO 5760 [egg-schedule]: register schedule E:\饿了吗全链路开发\我的仓库\ele-admin-ts\ele-admin-ts\node_modules\egg-logrotator\app\schedule\clean_log.js
2019-09-02 19:50:14,234 INFO 5760 [egg-schedule]: register schedule E:\饿了吗全链路开发\我的仓库\ele-admin-ts\ele-admin-ts\node_modules\egg-logrotator\app\schedule\rotate_by_file.js
2019-09-02 19:50:18,000 INFO 17216 [Timer] E:\饿了吗全链路开发\我的仓库\ele-admin-ts\ele-admin-ts\node_modules\egg-multipart\app\schedule\clean_tmpdir.js next time will execute after 31182003ms at 2019-09-03 04:30:00.003
2019-09-02 19:50:18,000 INFO 17216 [Timer] E:\饿了吗全链路开发\我的仓库\ele-admin-ts\ele-admin-ts\node_modules\egg-logrotator\app\schedule\clean_log.js next time will execute after 14982000ms at 2019-09-03 00:00:00.000
2019-09-02 19:50:18,000 INFO 17216 [Timer] E:\饿了吗全链路开发\我的仓库\ele-admin-ts\ele-admin-ts\node_modules\egg-logrotator\app\schedule\rotate_by_file.js next time will execute after 14983000ms at 2019-09-03 00:00:01.000
2019-09-02 20:51:24,638 INFO 18140 [egg-schedule]: register schedule E:\饿了吗全链路开发\我的仓库\ele-admin-ts\ele-admin-ts\node_modules\egg-multipart\app\schedule\clean_tmpdir.js
2019-09-02 20:51:24,638 INFO 18140 [egg-schedule]: register schedule E:\饿了吗全链路开发\我的仓库\ele-admin-ts\ele-admin-ts\node_modules\egg-logrotator\app\schedule\clean_log.js
2019-09-02 20:51:24,638 INFO 18140 [egg-schedule]: register schedule E:\饿了吗全链路开发\我的仓库\ele-admin-ts\ele-admin-ts\node_modules\egg-logrotator\app\schedule\rotate_by_file.js
2019-09-02 20:51:35,231 INFO 14504 [egg-schedule]: register schedule E:\饿了吗全链路开发\我的仓库\ele-admin-ts\ele-admin-ts\node_modules\egg-multipart\app\schedule\clean_tmpdir.js
2019-09-02 20:51:35,231 INFO 14504 [egg-schedule]: register schedule E:\饿了吗全链路开发\我的仓库\ele-admin-ts\ele-admin-ts\node_modules\egg-logrotator\app\schedule\clean_log.js
2019-09-02 20:51:35,231 INFO 14504 [egg-schedule]: register schedule E:\饿了吗全链路开发\我的仓库\ele-admin-ts\ele-admin-ts\node_modules\egg-logrotator\app\schedule\rotate_by_file.js
2019-09-02 20:55:54,197 INFO 8964 [egg-schedule]: register schedule E:\饿了吗全链路开发\我的仓库\ele-admin-ts\ele-admin-ts\node_modules\egg-multipart\app\schedule\clean_tmpdir.js
2019-09-02 20:55:54,197 INFO 8964 [egg-schedule]: register schedule E:\饿了吗全链路开发\我的仓库\ele-admin-ts\ele-admin-ts\node_modules\egg-logrotator\app\schedule\clean_log.js
2019-09-02 20:55:54,197 INFO 8964 [egg-schedule]: register schedule E:\饿了吗全链路开发\我的仓库\ele-admin-ts\ele-admin-ts\node_modules\egg-logrotator\app\schedule\rotate_by_file.js
2019-09-02 20:55:55,899 INFO 15096 [Timer] E:\饿了吗全链路开发\我的仓库\ele-admin-ts\ele-admin-ts\node_modules\egg-multipart\app\schedule\clean_tmpdir.js next time will execute after 27244103ms at 2019-09-03 04:30:00.002
2019-09-02 20:55:55,900 INFO 15096 [Timer] E:\饿了吗全链路开发\我的仓库\ele-admin-ts\ele-admin-ts\node_modules\egg-logrotator\app\schedule\clean_log.js next time will execute after 11044101ms at 2019-09-03 00:00:00.001
2019-09-02 20:55:55,900 INFO 15096 [Timer] E:\饿了吗全链路开发\我的仓库\ele-admin-ts\ele-admin-ts\node_modules\egg-logrotator\app\schedule\rotate_by_file.js next time will execute after 11045100ms at 2019-09-03 00:00:01.000
2019-09-03 09:36:03,677 INFO 15096 [Timer] E:\饿了吗全链路开发\我的仓库\ele-admin-ts\ele-admin-ts\node_modules\egg-logrotator\app\schedule\clean_log.js next time will execute after 51836327ms at 2019-09-04 00:00:00.004
2019-09-03 09:36:03,680 INFO 15096 [Timer] E:\饿了吗全链路开发\我的仓库\ele-admin-ts\ele-admin-ts\node_modules\egg-logrotator\app\schedule\rotate_by_file.js next time will execute after 51837321ms at 2019-09-04 00:00:01.001
2019-09-03 09:36:03,682 INFO 15096 [Timer] E:\饿了吗全链路开发\我的仓库\ele-admin-ts\ele-admin-ts\node_modules\egg-multipart\app\schedule\clean_tmpdir.js next time will execute after 68036320ms at 2019-09-04 04:30:00.002
2019-09-03 10:38:28,680 INFO 14112 [egg-schedule]: register schedule E:\饿了吗全链路开发\我的仓库\ele-admin-ts\ele-admin-ts\node_modules\egg-multipart\app\schedule\clean_tmpdir.js
2019-09-03 10:38:28,680 INFO 14112 [egg-schedule]: register schedule E:\饿了吗全链路开发\我的仓库\ele-admin-ts\ele-admin-ts\node_modules\egg-logrotator\app\schedule\clean_log.js
2019-09-03 10:38:28,680 INFO 14112 [egg-schedule]: register schedule E:\饿了吗全链路开发\我的仓库\ele-admin-ts\ele-admin-ts\node_modules\egg-logrotator\app\schedule\rotate_by_file.js
2019-09-03 10:38:29,824 INFO 13664 [Timer] E:\饿了吗全链路开发\我的仓库\ele-admin-ts\ele-admin-ts\node_modules\egg-multipart\app\schedule\clean_tmpdir.js next time will execute after 64290179ms at 2019-09-04 04:30:00.003
2019-09-03 10:38:29,824 INFO 13664 [Timer] E:\饿了吗全链路开发\我的仓库\ele-admin-ts\ele-admin-ts\node_modules\egg-logrotator\app\schedule\clean_log.js next time will execute after 48090176ms at 2019-09-04 00:00:00.000
2019-09-03 10:38:29,825 INFO 13664 [Timer] E:\饿了吗全链路开发\我的仓库\ele-admin-ts\ele-admin-ts\node_modules\egg-logrotator\app\schedule\rotate_by_file.js next time will execute after 48091176ms at 2019-09-04 00:00:01.001
2019-09-03 10:38:38,917 INFO 3700 [egg-schedule]: register schedule E:\饿了吗全链路开发\我的仓库\ele-admin-ts\ele-admin-ts\node_modules\egg-multipart\app\schedule\clean_tmpdir.js
2019-09-03 10:38:38,917 INFO 3700 [egg-schedule]: register schedule E:\饿了吗全链路开发\我的仓库\ele-admin-ts\ele-admin-ts\node_modules\egg-logrotator\app\schedule\clean_log.js
2019-09-03 10:38:38,917 INFO 3700 [egg-schedule]: register schedule E:\饿了吗全链路开发\我的仓库\ele-admin-ts\ele-admin-ts\node_modules\egg-logrotator\app\schedule\rotate_by_file.js
2019-09-03 10:50:09,160 INFO 10112 [egg-schedule]: register schedule E:\饿了吗全链路开发\我的仓库\ele-admin-ts\ele-admin-ts\node_modules\egg-multipart\app\schedule\clean_tmpdir.js
2019-09-03 10:50:09,160 INFO 10112 [egg-schedule]: register schedule E:\饿了吗全链路开发\我的仓库\ele-admin-ts\ele-admin-ts\node_modules\egg-logrotator\app\schedule\clean_log.js
2019-09-03 10:50:09,160 INFO 10112 [egg-schedule]: register schedule E:\饿了吗全链路开发\我的仓库\ele-admin-ts\ele-admin-ts\node_modules\egg-logrotator\app\schedule\rotate_by_file.js
2019-09-03 10:50:10,607 INFO 7896 [Timer] E:\饿了吗全链路开发\我的仓库\ele-admin-ts\ele-admin-ts\node_modules\egg-multipart\app\schedule\clean_tmpdir.js next time will execute after 63589396ms at 2019-09-04 04:30:00.003
2019-09-03 10:50:10,607 INFO 7896 [Timer] E:\饿了吗全链路开发\我的仓库\ele-admin-ts\ele-admin-ts\node_modules\egg-logrotator\app\schedule\clean_log.js next time will execute after 47389393ms at 2019-09-04 00:00:00.000
2019-09-03 10:50:10,608 INFO 7896 [Timer] E:\饿了吗全链路开发\我的仓库\ele-admin-ts\ele-admin-ts\node_modules\egg-logrotator\app\schedule\rotate_by_file.js next time will execute after 47390393ms at 2019-09-04 00:00:01.001
2019-09-03 10:53:31,632 INFO 11256 [egg-schedule]: register schedule E:\饿了吗全链路开发\我的仓库\ele-admin-ts\ele-admin-ts\node_modules\egg-multipart\app\schedule\clean_tmpdir.js
2019-09-03 10:53:31,632 INFO 11256 [egg-schedule]: register schedule E:\饿了吗全链路开发\我的仓库\ele-admin-ts\ele-admin-ts\node_modules\egg-logrotator\app\schedule\clean_log.js
2019-09-03 10:53:31,632 INFO 11256 [egg-schedule]: register schedule E:\饿了吗全链路开发\我的仓库\ele-admin-ts\ele-admin-ts\node_modules\egg-logrotator\app\schedule\rotate_by_file.js
2019-09-03 10:53:41,312 INFO 14244 [egg-schedule]: register schedule E:\饿了吗全链路开发\我的仓库\ele-admin-ts\ele-admin-ts\node_modules\egg-multipart\app\schedule\clean_tmpdir.js
2019-09-03 10:53:41,312 INFO 14244 [egg-schedule]: register schedule E:\饿了吗全链路开发\我的仓库\ele-admin-ts\ele-admin-ts\node_modules\egg-logrotator\app\schedule\clean_log.js
2019-09-03 10:53:41,312 INFO 14244 [egg-schedule]: register schedule E:\饿了吗全链路开发\我的仓库\ele-admin-ts\ele-admin-ts\node_modules\egg-logrotator\app\schedule\rotate_by_file.js
2019-09-03 11:01:08,235 INFO 7700 [egg-schedule]: register schedule E:\饿了吗全链路开发\我的仓库\ele-admin-ts\ele-admin-ts\node_modules\egg-multipart\app\schedule\clean_tmpdir.js
2019-09-03 11:01:08,235 INFO 7700 [egg-schedule]: register schedule E:\饿了吗全链路开发\我的仓库\ele-admin-ts\ele-admin-ts\node_modules\egg-logrotator\app\schedule\clean_log.js
2019-09-03 11:01:08,235 INFO 7700 [egg-schedule]: register schedule E:\饿了吗全链路开发\我的仓库\ele-admin-ts\ele-admin-ts\node_modules\egg-logrotator\app\schedule\rotate_by_file.js
2019-09-03 11:01:15,375 INFO 13736 [egg-schedule]: register schedule E:\饿了吗全链路开发\我的仓库\ele-admin-ts\ele-admin-ts\node_modules\egg-multipart\app\schedule\clean_tmpdir.js
2019-09-03 11:01:15,376 INFO 13736 [egg-schedule]: register schedule E:\饿了吗全链路开发\我的仓库\ele-admin-ts\ele-admin-ts\node_modules\egg-logrotator\app\schedule\clean_log.js
2019-09-03 11:01:15,376 INFO 13736 [egg-schedule]: register schedule E:\饿了吗全链路开发\我的仓库\ele-admin-ts\ele-admin-ts\node_modules\egg-logrotator\app\schedule\rotate_by_file.js
2019-09-03 11:06:46,751 INFO 8216 [egg-schedule]: register schedule E:\饿了吗全链路开发\我的仓库\ele-admin-ts\ele-admin-ts\node_modules\egg-multipart\app\schedule\clean_tmpdir.js
2019-09-03 11:06:46,751 INFO 8216 [egg-schedule]: register schedule E:\饿了吗全链路开发\我的仓库\ele-admin-ts\ele-admin-ts\node_modules\egg-logrotator\app\schedule\clean_log.js
2019-09-03 11:06:46,752 INFO 8216 [egg-schedule]: register schedule E:\饿了吗全链路开发\我的仓库\ele-admin-ts\ele-admin-ts\node_modules\egg-logrotator\app\schedule\rotate_by_file.js
2019-09-03 11:07:01,503 INFO 10928 [egg-schedule]: register schedule E:\饿了吗全链路开发\我的仓库\ele-admin-ts\ele-admin-ts\node_modules\egg-multipart\app\schedule\clean_tmpdir.js
2019-09-03 11:07:01,503 INFO 10928 [egg-schedule]: register schedule E:\饿了吗全链路开发\我的仓库\ele-admin-ts\ele-admin-ts\node_modules\egg-logrotator\app\schedule\clean_log.js
2019-09-03 11:07:01,503 INFO 10928 [egg-schedule]: register schedule E:\饿了吗全链路开发\我的仓库\ele-admin-ts\ele-admin-ts\node_modules\egg-logrotator\app\schedule\rotate_by_file.js
2019-09-03 11:10:39,747 INFO 15032 [egg-schedule]: register schedule E:\饿了吗全链路开发\我的仓库\ele-admin-ts\ele-admin-ts\node_modules\egg-multipart\app\schedule\clean_tmpdir.js
2019-09-03 11:10:39,747 INFO 15032 [egg-schedule]: register schedule E:\饿了吗全链路开发\我的仓库\ele-admin-ts\ele-admin-ts\node_modules\egg-logrotator\app\schedule\clean_log.js
2019-09-03 11:10:39,747 INFO 15032 [egg-schedule]: register schedule E:\饿了吗全链路开发\我的仓库\ele-admin-ts\ele-admin-ts\node_modules\egg-logrotator\app\schedule\rotate_by_file.js
2019-09-03 11:10:47,400 INFO 13776 [egg-schedule]: register schedule E:\饿了吗全链路开发\我的仓库\ele-admin-ts\ele-admin-ts\node_modules\egg-multipart\app\schedule\clean_tmpdir.js
2019-09-03 11:10:47,400 INFO 13776 [egg-schedule]: register schedule E:\饿了吗全链路开发\我的仓库\ele-admin-ts\ele-admin-ts\node_modules\egg-logrotator\app\schedule\clean_log.js
2019-09-03 11:10:47,400 INFO 13776 [egg-schedule]: register schedule E:\饿了吗全链路开发\我的仓库\ele-admin-ts\ele-admin-ts\node_modules\egg-logrotator\app\schedule\rotate_by_file.js
2019-09-03 11:13:39,849 INFO 6244 [egg-schedule]: register schedule E:\饿了吗全链路开发\我的仓库\ele-admin-ts\ele-admin-ts\node_modules\egg-multipart\app\schedule\clean_tmpdir.js
2019-09-03 11:13:39,849 INFO 6244 [egg-schedule]: register schedule E:\饿了吗全链路开发\我的仓库\ele-admin-ts\ele-admin-ts\node_modules\egg-logrotator\app\schedule\clean_log.js
2019-09-03 11:13:39,849 INFO 6244 [egg-schedule]: register schedule E:\饿了吗全链路开发\我的仓库\ele-admin-ts\ele-admin-ts\node_modules\egg-logrotator\app\schedule\rotate_by_file.js
2019-09-03 11:13:48,666 INFO 15172 [egg-schedule]: register schedule E:\饿了吗全链路开发\我的仓库\ele-admin-ts\ele-admin-ts\node_modules\egg-multipart\app\schedule\clean_tmpdir.js
2019-09-03 11:13:48,666 INFO 15172 [egg-schedule]: register schedule E:\饿了吗全链路开发\我的仓库\ele-admin-ts\ele-admin-ts\node_modules\egg-logrotator\app\schedule\clean_log.js
2019-09-03 11:13:48,666 INFO 15172 [egg-schedule]: register schedule E:\饿了吗全链路开发\我的仓库\ele-admin-ts\ele-admin-ts\node_modules\egg-logrotator\app\schedule\rotate_by_file.js
2019-09-03 11:14:09,465 INFO 14520 [egg-schedule]: register schedule E:\饿了吗全链路开发\我的仓库\ele-admin-ts\ele-admin-ts\node_modules\egg-multipart\app\schedule\clean_tmpdir.js
2019-09-03 11:14:09,465 INFO 14520 [egg-schedule]: register schedule E:\饿了吗全链路开发\我的仓库\ele-admin-ts\ele-admin-ts\node_modules\egg-logrotator\app\schedule\clean_log.js
2019-09-03 11:14:09,465 INFO 14520 [egg-schedule]: register schedule E:\饿了吗全链路开发\我的仓库\ele-admin-ts\ele-admin-ts\node_modules\egg-logrotator\app\schedule\rotate_by_file.js
2019-09-03 11:14:18,635 INFO 14512 [egg-schedule]: register schedule E:\饿了吗全链路开发\我的仓库\ele-admin-ts\ele-admin-ts\node_modules\egg-multipart\app\schedule\clean_tmpdir.js
2019-09-03 11:14:18,635 INFO 14512 [egg-schedule]: register schedule E:\饿了吗全链路开发\我的仓库\ele-admin-ts\ele-admin-ts\node_modules\egg-logrotator\app\schedule\clean_log.js
2019-09-03 11:14:18,635 INFO 14512 [egg-schedule]: register schedule E:\饿了吗全链路开发\我的仓库\ele-admin-ts\ele-admin-ts\node_modules\egg-logrotator\app\schedule\rotate_by_file.js
2019-09-03 11:15:18,071 INFO 2544 [egg-schedule]: register schedule E:\饿了吗全链路开发\我的仓库\ele-admin-ts\ele-admin-ts\node_modules\egg-multipart\app\schedule\clean_tmpdir.js
2019-09-03 11:15:18,071 INFO 2544 [egg-schedule]: register schedule E:\饿了吗全链路开发\我的仓库\ele-admin-ts\ele-admin-ts\node_modules\egg-logrotator\app\schedule\clean_log.js
2019-09-03 11:15:18,071 INFO 2544 [egg-schedule]: register schedule E:\饿了吗全链路开发\我的仓库\ele-admin-ts\ele-admin-ts\node_modules\egg-logrotator\app\schedule\rotate_by_file.js
2019-09-03 11:15:26,297 INFO 8164 [egg-schedule]: register schedule E:\饿了吗全链路开发\我的仓库\ele-admin-ts\ele-admin-ts\node_modules\egg-multipart\app\schedule\clean_tmpdir.js
2019-09-03 11:15:26,297 INFO 8164 [egg-schedule]: register schedule E:\饿了吗全链路开发\我的仓库\ele-admin-ts\ele-admin-ts\node_modules\egg-logrotator\app\schedule\clean_log.js
2019-09-03 11:15:26,297 INFO 8164 [egg-schedule]: register schedule E:\饿了吗全链路开发\我的仓库\ele-admin-ts\ele-admin-ts\node_modules\egg-logrotator\app\schedule\rotate_by_file.js
2019-09-03 11:15:55,647 INFO 13856 [egg-schedule]: register schedule E:\饿了吗全链路开发\我的仓库\ele-admin-ts\ele-admin-ts\node_modules\egg-multipart\app\schedule\clean_tmpdir.js
2019-09-03 11:15:55,647 INFO 13856 [egg-schedule]: register schedule E:\饿了吗全链路开发\我的仓库\ele-admin-ts\ele-admin-ts\node_modules\egg-logrotator\app\schedule\clean_log.js
2019-09-03 11:15:55,647 INFO 13856 [egg-schedule]: register schedule E:\饿了吗全链路开发\我的仓库\ele-admin-ts\ele-admin-ts\node_modules\egg-logrotator\app\schedule\rotate_by_file.js
2019-09-03 11:16:03,909 INFO 15092 [egg-schedule]: register schedule E:\饿了吗全链路开发\我的仓库\ele-admin-ts\ele-admin-ts\node_modules\egg-multipart\app\schedule\clean_tmpdir.js
2019-09-03 11:16:03,909 INFO 15092 [egg-schedule]: register schedule E:\饿了吗全链路开发\我的仓库\ele-admin-ts\ele-admin-ts\node_modules\egg-logrotator\app\schedule\clean_log.js
2019-09-03 11:16:03,909 INFO 15092 [egg-schedule]: register schedule E:\饿了吗全链路开发\我的仓库\ele-admin-ts\ele-admin-ts\node_modules\egg-logrotator\app\schedule\rotate_by_file.js
2019-09-03 11:16:28,340 INFO 10144 [egg-schedule]: register schedule E:\饿了吗全链路开发\我的仓库\ele-admin-ts\ele-admin-ts\node_modules\egg-multipart\app\schedule\clean_tmpdir.js
2019-09-03 11:16:28,340 INFO 10144 [egg-schedule]: register schedule E:\饿了吗全链路开发\我的仓库\ele-admin-ts\ele-admin-ts\node_modules\egg-logrotator\app\schedule\clean_log.js
2019-09-03 11:16:28,340 INFO 10144 [egg-schedule]: register schedule E:\饿了吗全链路开发\我的仓库\ele-admin-ts\ele-admin-ts\node_modules\egg-logrotator\app\schedule\rotate_by_file.js
2019-09-03 11:16:36,411 INFO 11952 [egg-schedule]: register schedule E:\饿了吗全链路开发\我的仓库\ele-admin-ts\ele-admin-ts\node_modules\egg-multipart\app\schedule\clean_tmpdir.js
2019-09-03 11:16:36,411 INFO 11952 [egg-schedule]: register schedule E:\饿了吗全链路开发\我的仓库\ele-admin-ts\ele-admin-ts\node_modules\egg-logrotator\app\schedule\clean_log.js
2019-09-03 11:16:36,411 INFO 11952 [egg-schedule]: register schedule E:\饿了吗全链路开发\我的仓库\ele-admin-ts\ele-admin-ts\node_modules\egg-logrotator\app\schedule\rotate_by_file.js
2019-09-03 11:26:07,538 INFO 13328 [egg-schedule]: register schedule E:\饿了吗全链路开发\我的仓库\ele-admin-ts\ele-admin-ts\node_modules\egg-multipart\app\schedule\clean_tmpdir.js
2019-09-03 11:26:07,538 INFO 13328 [egg-schedule]: register schedule E:\饿了吗全链路开发\我的仓库\ele-admin-ts\ele-admin-ts\node_modules\egg-logrotator\app\schedule\clean_log.js
2019-09-03 11:26:07,538 INFO 13328 [egg-schedule]: register schedule E:\饿了吗全链路开发\我的仓库\ele-admin-ts\ele-admin-ts\node_modules\egg-logrotator\app\schedule\rotate_by_file.js
2019-09-03 11:26:15,146 INFO 9272 [egg-schedule]: register schedule E:\饿了吗全链路开发\我的仓库\ele-admin-ts\ele-admin-ts\node_modules\egg-multipart\app\schedule\clean_tmpdir.js
2019-09-03 11:26:15,146 INFO 9272 [egg-schedule]: register schedule E:\饿了吗全链路开发\我的仓库\ele-admin-ts\ele-admin-ts\node_modules\egg-logrotator\app\schedule\clean_log.js
2019-09-03 11:26:15,146 INFO 9272 [egg-schedule]: register schedule E:\饿了吗全链路开发\我的仓库\ele-admin-ts\ele-admin-ts\node_modules\egg-logrotator\app\schedule\rotate_by_file.js
2019-09-03 11:29:31,543 INFO 7640 [egg-schedule]: register schedule E:\饿了吗全链路开发\我的仓库\ele-admin-ts\ele-admin-ts\node_modules\egg-multipart\app\schedule\clean_tmpdir.js
2019-09-03 11:29:31,543 INFO 7640 [egg-schedule]: register schedule E:\饿了吗全链路开发\我的仓库\ele-admin-ts\ele-admin-ts\node_modules\egg-logrotator\app\schedule\clean_log.js
2019-09-03 11:29:31,543 INFO 7640 [egg-schedule]: register schedule E:\饿了吗全链路开发\我的仓库\ele-admin-ts\ele-admin-ts\node_modules\egg-logrotator\app\schedule\rotate_by_file.js
2019-09-03 11:29:39,947 INFO 10652 [egg-schedule]: register schedule E:\饿了吗全链路开发\我的仓库\ele-admin-ts\ele-admin-ts\node_modules\egg-multipart\app\schedule\clean_tmpdir.js
2019-09-03 11:29:39,947 INFO 10652 [egg-schedule]: register schedule E:\饿了吗全链路开发\我的仓库\ele-admin-ts\ele-admin-ts\node_modules\egg-logrotator\app\schedule\clean_log.js
2019-09-03 11:29:39,947 INFO 10652 [egg-schedule]: register schedule E:\饿了吗全链路开发\我的仓库\ele-admin-ts\ele-admin-ts\node_modules\egg-logrotator\app\schedule\rotate_by_file.js
2019-09-03 11:30:45,561 INFO 11796 [egg-schedule]: register schedule E:\饿了吗全链路开发\我的仓库\ele-admin-ts\ele-admin-ts\node_modules\egg-multipart\app\schedule\clean_tmpdir.js
2019-09-03 11:30:45,561 INFO 11796 [egg-schedule]: register schedule E:\饿了吗全链路开发\我的仓库\ele-admin-ts\ele-admin-ts\node_modules\egg-logrotator\app\schedule\clean_log.js
2019-09-03 11:30:45,561 INFO 11796 [egg-schedule]: register schedule E:\饿了吗全链路开发\我的仓库\ele-admin-ts\ele-admin-ts\node_modules\egg-logrotator\app\schedule\rotate_by_file.js
2019-09-03 11:30:53,707 INFO 15124 [egg-schedule]: register schedule E:\饿了吗全链路开发\我的仓库\ele-admin-ts\ele-admin-ts\node_modules\egg-multipart\app\schedule\clean_tmpdir.js
2019-09-03 11:30:53,707 INFO 15124 [egg-schedule]: register schedule E:\饿了吗全链路开发\我的仓库\ele-admin-ts\ele-admin-ts\node_modules\egg-logrotator\app\schedule\clean_log.js
2019-09-03 11:30:53,707 INFO 15124 [egg-schedule]: register schedule E:\饿了吗全链路开发\我的仓库\ele-admin-ts\ele-admin-ts\node_modules\egg-logrotator\app\schedule\rotate_by_file.js
2019-09-03 11:33:35,866 INFO 5844 [egg-schedule]: register schedule E:\饿了吗全链路开发\我的仓库\ele-admin-ts\ele-admin-ts\node_modules\egg-multipart\app\schedule\clean_tmpdir.js
2019-09-03 11:33:35,866 INFO 5844 [egg-schedule]: register schedule E:\饿了吗全链路开发\我的仓库\ele-admin-ts\ele-admin-ts\node_modules\egg-logrotator\app\schedule\clean_log.js
2019-09-03 11:33:35,866 INFO 5844 [egg-schedule]: register schedule E:\饿了吗全链路开发\我的仓库\ele-admin-ts\ele-admin-ts\node_modules\egg-logrotator\app\schedule\rotate_by_file.js
2019-09-03 11:33:45,456 INFO 7432 [egg-schedule]: register schedule E:\饿了吗全链路开发\我的仓库\ele-admin-ts\ele-admin-ts\node_modules\egg-multipart\app\schedule\clean_tmpdir.js
2019-09-03 11:33:45,456 INFO 7432 [egg-schedule]: register schedule E:\饿了吗全链路开发\我的仓库\ele-admin-ts\ele-admin-ts\node_modules\egg-logrotator\app\schedule\clean_log.js
2019-09-03 11:33:45,456 INFO 7432 [egg-schedule]: register schedule E:\饿了吗全链路开发\我的仓库\ele-admin-ts\ele-admin-ts\node_modules\egg-logrotator\app\schedule\rotate_by_file.js
2019-09-03 11:37:11,609 INFO 13904 [egg-schedule]: register schedule E:\饿了吗全链路开发\我的仓库\ele-admin-ts\ele-admin-ts\node_modules\egg-multipart\app\schedule\clean_tmpdir.js
2019-09-03 11:37:11,609 INFO 13904 [egg-schedule]: register schedule E:\饿了吗全链路开发\我的仓库\ele-admin-ts\ele-admin-ts\node_modules\egg-logrotator\app\schedule\clean_log.js
2019-09-03 11:37:11,609 INFO 13904 [egg-schedule]: register schedule E:\饿了吗全链路开发\我的仓库\ele-admin-ts\ele-admin-ts\node_modules\egg-logrotator\app\schedule\rotate_by_file.js
2019-09-03 11:37:20,101 INFO 15284 [egg-schedule]: register schedule E:\饿了吗全链路开发\我的仓库\ele-admin-ts\ele-admin-ts\node_modules\egg-multipart\app\schedule\clean_tmpdir.js
2019-09-03 11:37:20,101 INFO 15284 [egg-schedule]: register schedule E:\饿了吗全链路开发\我的仓库\ele-admin-ts\ele-admin-ts\node_modules\egg-logrotator\app\schedule\clean_log.js
2019-09-03 11:37:20,101 INFO 15284 [egg-schedule]: register schedule E:\饿了吗全链路开发\我的仓库\ele-admin-ts\ele-admin-ts\node_modules\egg-logrotator\app\schedule\rotate_by_file.js
2019-09-03 11:38:10,639 INFO 13900 [egg-schedule]: register schedule E:\饿了吗全链路开发\我的仓库\ele-admin-ts\ele-admin-ts\node_modules\egg-multipart\app\schedule\clean_tmpdir.js
2019-09-03 11:38:10,639 INFO 13900 [egg-schedule]: register schedule E:\饿了吗全链路开发\我的仓库\ele-admin-ts\ele-admin-ts\node_modules\egg-logrotator\app\schedule\clean_log.js
2019-09-03 11:38:10,639 INFO 13900 [egg-schedule]: register schedule E:\饿了吗全链路开发\我的仓库\ele-admin-ts\ele-admin-ts\node_modules\egg-logrotator\app\schedule\rotate_by_file.js
2019-09-03 11:38:18,895 INFO 14400 [egg-schedule]: register schedule E:\饿了吗全链路开发\我的仓库\ele-admin-ts\ele-admin-ts\node_modules\egg-multipart\app\schedule\clean_tmpdir.js
2019-09-03 11:38:18,895 INFO 14400 [egg-schedule]: register schedule E:\饿了吗全链路开发\我的仓库\ele-admin-ts\ele-admin-ts\node_modules\egg-logrotator\app\schedule\clean_log.js
2019-09-03 11:38:18,895 INFO 14400 [egg-schedule]: register schedule E:\饿了吗全链路开发\我的仓库\ele-admin-ts\ele-admin-ts\node_modules\egg-logrotator\app\schedule\rotate_by_file.js
2019-09-03 11:39:58,694 INFO 3884 [egg-schedule]: register schedule E:\饿了吗全链路开发\我的仓库\ele-admin-ts\ele-admin-ts\node_modules\egg-multipart\app\schedule\clean_tmpdir.js
2019-09-03 11:39:58,694 INFO 3884 [egg-schedule]: register schedule E:\饿了吗全链路开发\我的仓库\ele-admin-ts\ele-admin-ts\node_modules\egg-logrotator\app\schedule\clean_log.js
2019-09-03 11:39:58,694 INFO 3884 [egg-schedule]: register schedule E:\饿了吗全链路开发\我的仓库\ele-admin-ts\ele-admin-ts\node_modules\egg-logrotator\app\schedule\rotate_by_file.js
2019-09-03 11:40:07,208 INFO 980 [egg-schedule]: register schedule E:\饿了吗全链路开发\我的仓库\ele-admin-ts\ele-admin-ts\node_modules\egg-multipart\app\schedule\clean_tmpdir.js
2019-09-03 11:40:07,208 INFO 980 [egg-schedule]: register schedule E:\饿了吗全链路开发\我的仓库\ele-admin-ts\ele-admin-ts\node_modules\egg-logrotator\app\schedule\clean_log.js
2019-09-03 11:40:07,208 INFO 980 [egg-schedule]: register schedule E:\饿了吗全链路开发\我的仓库\ele-admin-ts\ele-admin-ts\node_modules\egg-logrotator\app\schedule\rotate_by_file.js
2019-09-03 11:40:53,246 INFO 7812 [egg-schedule]: register schedule E:\饿了吗全链路开发\我的仓库\ele-admin-ts\ele-admin-ts\node_modules\egg-multipart\app\schedule\clean_tmpdir.js
2019-09-03 11:40:53,246 INFO 7812 [egg-schedule]: register schedule E:\饿了吗全链路开发\我的仓库\ele-admin-ts\ele-admin-ts\node_modules\egg-logrotator\app\schedule\clean_log.js
2019-09-03 11:40:53,246 INFO 7812 [egg-schedule]: register schedule E:\饿了吗全链路开发\我的仓库\ele-admin-ts\ele-admin-ts\node_modules\egg-logrotator\app\schedule\rotate_by_file.js
2019-09-03 11:41:01,915 INFO 14964 [egg-schedule]: register schedule E:\饿了吗全链路开发\我的仓库\ele-admin-ts\ele-admin-ts\node_modules\egg-multipart\app\schedule\clean_tmpdir.js
2019-09-03 11:41:01,915 INFO 14964 [egg-schedule]: register schedule E:\饿了吗全链路开发\我的仓库\ele-admin-ts\ele-admin-ts\node_modules\egg-logrotator\app\schedule\clean_log.js
2019-09-03 11:41:01,915 INFO 14964 [egg-schedule]: register schedule E:\饿了吗全链路开发\我的仓库\ele-admin-ts\ele-admin-ts\node_modules\egg-logrotator\app\schedule\rotate_by_file.js
2019-09-03 11:43:25,234 INFO 12880 [egg-schedule]: register schedule E:\饿了吗全链路开发\我的仓库\ele-admin-ts\ele-admin-ts\node_modules\egg-multipart\app\schedule\clean_tmpdir.js
2019-09-03 11:43:25,234 INFO 12880 [egg-schedule]: register schedule E:\饿了吗全链路开发\我的仓库\ele-admin-ts\ele-admin-ts\node_modules\egg-logrotator\app\schedule\clean_log.js
2019-09-03 11:43:25,234 INFO 12880 [egg-schedule]: register schedule E:\饿了吗全链路开发\我的仓库\ele-admin-ts\ele-admin-ts\node_modules\egg-logrotator\app\schedule\rotate_by_file.js
2019-09-03 11:43:32,668 INFO 7132 [egg-schedule]: register schedule E:\饿了吗全链路开发\我的仓库\ele-admin-ts\ele-admin-ts\node_modules\egg-multipart\app\schedule\clean_tmpdir.js
2019-09-03 11:43:32,668 INFO 7132 [egg-schedule]: register schedule E:\饿了吗全链路开发\我的仓库\ele-admin-ts\ele-admin-ts\node_modules\egg-logrotator\app\schedule\clean_log.js
2019-09-03 11:43:32,668 INFO 7132 [egg-schedule]: register schedule E:\饿了吗全链路开发\我的仓库\ele-admin-ts\ele-admin-ts\node_modules\egg-logrotator\app\schedule\rotate_by_file.js
2019-09-03 11:51:01,202 INFO 420 [egg-schedule]: register schedule E:\饿了吗全链路开发\我的仓库\ele-admin-ts\ele-admin-ts\node_modules\egg-multipart\app\schedule\clean_tmpdir.js
2019-09-03 11:51:01,202 INFO 420 [egg-schedule]: register schedule E:\饿了吗全链路开发\我的仓库\ele-admin-ts\ele-admin-ts\node_modules\egg-logrotator\app\schedule\clean_log.js
2019-09-03 11:51:01,202 INFO 420 [egg-schedule]: register schedule E:\饿了吗全链路开发\我的仓库\ele-admin-ts\ele-admin-ts\node_modules\egg-logrotator\app\schedule\rotate_by_file.js
2019-09-03 11:51:10,892 INFO 9268 [egg-schedule]: register schedule E:\饿了吗全链路开发\我的仓库\ele-admin-ts\ele-admin-ts\node_modules\egg-multipart\app\schedule\clean_tmpdir.js
2019-09-03 11:51:10,892 INFO 9268 [egg-schedule]: register schedule E:\饿了吗全链路开发\我的仓库\ele-admin-ts\ele-admin-ts\node_modules\egg-logrotator\app\schedule\clean_log.js
2019-09-03 11:51:10,892 INFO 9268 [egg-schedule]: register schedule E:\饿了吗全链路开发\我的仓库\ele-admin-ts\ele-admin-ts\node_modules\egg-logrotator\app\schedule\rotate_by_file.js
2019-09-03 13:53:13,950 INFO 17016 [egg-schedule]: register schedule E:\饿了吗全链路开发\我的仓库\ele-admin-ts\ele-admin-ts\node_modules\egg-multipart\app\schedule\clean_tmpdir.js
2019-09-03 13:53:13,950 INFO 17016 [egg-schedule]: register schedule E:\饿了吗全链路开发\我的仓库\ele-admin-ts\ele-admin-ts\node_modules\egg-logrotator\app\schedule\clean_log.js
2019-09-03 13:53:13,950 INFO 17016 [egg-schedule]: register schedule E:\饿了吗全链路开发\我的仓库\ele-admin-ts\ele-admin-ts\node_modules\egg-logrotator\app\schedule\rotate_by_file.js
2019-09-03 13:53:26,856 INFO 3436 [egg-schedule]: register schedule E:\饿了吗全链路开发\我的仓库\ele-admin-ts\ele-admin-ts\node_modules\egg-multipart\app\schedule\clean_tmpdir.js
2019-09-03 13:53:26,856 INFO 3436 [egg-schedule]: register schedule E:\饿了吗全链路开发\我的仓库\ele-admin-ts\ele-admin-ts\node_modules\egg-logrotator\app\schedule\clean_log.js
2019-09-03 13:53:26,856 INFO 3436 [egg-schedule]: register schedule E:\饿了吗全链路开发\我的仓库\ele-admin-ts\ele-admin-ts\node_modules\egg-logrotator\app\schedule\rotate_by_file.js
2019-09-03 14:53:21,991 INFO 16168 [egg-schedule]: register schedule E:\饿了吗全链路开发\我的仓库\ele-admin-ts\ele-admin-ts\node_modules\egg-multipart\app\schedule\clean_tmpdir.js
2019-09-03 14:53:21,991 INFO 16168 [egg-schedule]: register schedule E:\饿了吗全链路开发\我的仓库\ele-admin-ts\ele-admin-ts\node_modules\egg-logrotator\app\schedule\clean_log.js
2019-09-03 14:53:21,991 INFO 16168 [egg-schedule]: register schedule E:\饿了吗全链路开发\我的仓库\ele-admin-ts\ele-admin-ts\node_modules\egg-logrotator\app\schedule\rotate_by_file.js
2019-09-03 14:53:43,391 INFO 13876 [Timer] E:\饿了吗全链路开发\我的仓库\ele-admin-ts\ele-admin-ts\node_modules\egg-multipart\app\schedule\clean_tmpdir.js next time will execute after 48976611ms at 2019-09-04 04:30:00.002
2019-09-03 14:53:43,392 INFO 13876 [Timer] E:\饿了吗全链路开发\我的仓库\ele-admin-ts\ele-admin-ts\node_modules\egg-logrotator\app\schedule\clean_log.js next time will execute after 32776609ms at 2019-09-04 00:00:00.001
2019-09-03 14:53:43,392 INFO 13876 [Timer] E:\饿了吗全链路开发\我的仓库\ele-admin-ts\ele-admin-ts\node_modules\egg-logrotator\app\schedule\rotate_by_file.js next time will execute after 32777608ms at 2019-09-04 00:00:01.000
2019-09-03 14:53:42,790 INFO 16716 [egg-schedule]: register schedule E:\饿了吗全链路开发\我的仓库\ele-admin-ts\ele-admin-ts\node_modules\egg-multipart\app\schedule\clean_tmpdir.js
2019-09-03 14:53:42,790 INFO 16716 [egg-schedule]: register schedule E:\饿了吗全链路开发\我的仓库\ele-admin-ts\ele-admin-ts\node_modules\egg-logrotator\app\schedule\clean_log.js
2019-09-03 14:53:42,790 INFO 16716 [egg-schedule]: register schedule E:\饿了吗全链路开发\我的仓库\ele-admin-ts\ele-admin-ts\node_modules\egg-logrotator\app\schedule\rotate_by_file.js
2019-09-03 14:56:43,019 INFO 616 [egg-schedule]: register schedule E:\饿了吗全链路开发\我的仓库\ele-admin-ts\ele-admin-ts\node_modules\egg-multipart\app\schedule\clean_tmpdir.js
2019-09-03 14:56:43,019 INFO 616 [egg-schedule]: register schedule E:\饿了吗全链路开发\我的仓库\ele-admin-ts\ele-admin-ts\node_modules\egg-logrotator\app\schedule\clean_log.js
2019-09-03 14:56:43,019 INFO 616 [egg-schedule]: register schedule E:\饿了吗全链路开发\我的仓库\ele-admin-ts\ele-admin-ts\node_modules\egg-logrotator\app\schedule\rotate_by_file.js
2019-09-03 14:56:44,141 INFO 17084 [Timer] E:\饿了吗全链路开发\我的仓库\ele-admin-ts\ele-admin-ts\node_modules\egg-multipart\app\schedule\clean_tmpdir.js next time will execute after 48795861ms at 2019-09-04 04:30:00.002
2019-09-03 14:56:44,142 INFO 17084 [Timer] E:\饿了吗全链路开发\我的仓库\ele-admin-ts\ele-admin-ts\node_modules\egg-logrotator\app\schedule\clean_log.js next time will execute after 32595858ms at 2019-09-04 00:00:00.000
2019-09-03 14:56:44,142 INFO 17084 [Timer] E:\饿了吗全链路开发\我的仓库\ele-admin-ts\ele-admin-ts\node_modules\egg-logrotator\app\schedule\rotate_by_file.js next time will execute after 32596858ms at 2019-09-04 00:00:01.000
2019-09-03 14:59:45,920 INFO 16552 [egg-schedule]: register schedule E:\饿了吗全链路开发\我的仓库\ele-admin-ts\ele-admin-ts\node_modules\egg-multipart\app\schedule\clean_tmpdir.js
2019-09-03 14:59:45,920 INFO 16552 [egg-schedule]: register schedule E:\饿了吗全链路开发\我的仓库\ele-admin-ts\ele-admin-ts\node_modules\egg-logrotator\app\schedule\clean_log.js
2019-09-03 14:59:45,920 INFO 16552 [egg-schedule]: register schedule E:\饿了吗全链路开发\我的仓库\ele-admin-ts\ele-admin-ts\node_modules\egg-logrotator\app\schedule\rotate_by_file.js
2019-09-03 14:59:55,254 INFO 9528 [egg-schedule]: register schedule E:\饿了吗全链路开发\我的仓库\ele-admin-ts\ele-admin-ts\node_modules\egg-multipart\app\schedule\clean_tmpdir.js
2019-09-03 14:59:55,254 INFO 9528 [egg-schedule]: register schedule E:\饿了吗全链路开发\我的仓库\ele-admin-ts\ele-admin-ts\node_modules\egg-logrotator\app\schedule\clean_log.js
2019-09-03 14:59:55,254 INFO 9528 [egg-schedule]: register schedule E:\饿了吗全链路开发\我的仓库\ele-admin-ts\ele-admin-ts\node_modules\egg-logrotator\app\schedule\rotate_by_file.js
2019-09-03 15:10:05,119 INFO 2184 [egg-schedule]: register schedule E:\饿了吗全链路开发\我的仓库\ele-admin-ts\ele-admin-ts\node_modules\egg-multipart\app\schedule\clean_tmpdir.js
2019-09-03 15:10:05,119 INFO 2184 [egg-schedule]: register schedule E:\饿了吗全链路开发\我的仓库\ele-admin-ts\ele-admin-ts\node_modules\egg-logrotator\app\schedule\clean_log.js
2019-09-03 15:10:05,119 INFO 2184 [egg-schedule]: register schedule E:\饿了吗全链路开发\我的仓库\ele-admin-ts\ele-admin-ts\node_modules\egg-logrotator\app\schedule\rotate_by_file.js
2019-09-03 15:10:13,599 INFO 12312 [egg-schedule]: register schedule E:\饿了吗全链路开发\我的仓库\ele-admin-ts\ele-admin-ts\node_modules\egg-multipart\app\schedule\clean_tmpdir.js
2019-09-03 15:10:13,599 INFO 12312 [egg-schedule]: register schedule E:\饿了吗全链路开发\我的仓库\ele-admin-ts\ele-admin-ts\node_modules\egg-logrotator\app\schedule\clean_log.js
2019-09-03 15:10:13,599 INFO 12312 [egg-schedule]: register schedule E:\饿了吗全链路开发\我的仓库\ele-admin-ts\ele-admin-ts\node_modules\egg-logrotator\app\schedule\rotate_by_file.js
2019-09-03 15:10:33,609 INFO 15828 [egg-schedule]: register schedule E:\饿了吗全链路开发\我的仓库\ele-admin-ts\ele-admin-ts\node_modules\egg-multipart\app\schedule\clean_tmpdir.js
2019-09-03 15:10:33,609 INFO 15828 [egg-schedule]: register schedule E:\饿了吗全链路开发\我的仓库\ele-admin-ts\ele-admin-ts\node_modules\egg-logrotator\app\schedule\clean_log.js
2019-09-03 15:10:33,609 INFO 15828 [egg-schedule]: register schedule E:\饿了吗全链路开发\我的仓库\ele-admin-ts\ele-admin-ts\node_modules\egg-logrotator\app\schedule\rotate_by_file.js
2019-09-03 15:10:34,203 INFO 12664 [Timer] E:\饿了吗全链路开发\我的仓库\ele-admin-ts\ele-admin-ts\node_modules\egg-multipart\app\schedule\clean_tmpdir.js next time will execute after 47965799ms at 2019-09-04 04:30:00.002
2019-09-03 15:10:34,204 INFO 12664 [Timer] E:\饿了吗全链路开发\我的仓库\ele-admin-ts\ele-admin-ts\node_modules\egg-logrotator\app\schedule\clean_log.js next time will execute after 31765797ms at 2019-09-04 00:00:00.001
2019-09-03 15:10:34,204 INFO 12664 [Timer] E:\饿了吗全链路开发\我的仓库\ele-admin-ts\ele-admin-ts\node_modules\egg-logrotator\app\schedule\rotate_by_file.js next time will execute after 31766796ms at 2019-09-04 00:00:01.000
2019-09-03 15:10:45,389 INFO 1496 [egg-schedule]: register schedule E:\饿了吗全链路开发\我的仓库\ele-admin-ts\ele-admin-ts\node_modules\egg-multipart\app\schedule\clean_tmpdir.js
2019-09-03 15:10:45,389 INFO 1496 [egg-schedule]: register schedule E:\饿了吗全链路开发\我的仓库\ele-admin-ts\ele-admin-ts\node_modules\egg-logrotator\app\schedule\clean_log.js
2019-09-03 15:10:45,389 INFO 1496 [egg-schedule]: register schedule E:\饿了吗全链路开发\我的仓库\ele-admin-ts\ele-admin-ts\node_modules\egg-logrotator\app\schedule\rotate_by_file.js
2019-09-03 15:10:49,047 INFO 8684 [egg-schedule]: register schedule E:\饿了吗全链路开发\我的仓库\ele-admin-ts\ele-admin-ts\node_modules\egg-multipart\app\schedule\clean_tmpdir.js
2019-09-03 15:10:49,047 INFO 8684 [egg-schedule]: register schedule E:\饿了吗全链路开发\我的仓库\ele-admin-ts\ele-admin-ts\node_modules\egg-logrotator\app\schedule\clean_log.js
2019-09-03 15:10:49,047 INFO 8684 [egg-schedule]: register schedule E:\饿了吗全链路开发\我的仓库\ele-admin-ts\ele-admin-ts\node_modules\egg-logrotator\app\schedule\rotate_by_file.js
2019-09-03 15:11:37,951 INFO 13344 [egg-schedule]: register schedule E:\饿了吗全链路开发\我的仓库\ele-admin-ts\ele-admin-ts\node_modules\egg-multipart\app\schedule\clean_tmpdir.js
2019-09-03 15:11:37,951 INFO 13344 [egg-schedule]: register schedule E:\饿了吗全链路开发\我的仓库\ele-admin-ts\ele-admin-ts\node_modules\egg-logrotator\app\schedule\clean_log.js
2019-09-03 15:11:37,951 INFO 13344 [egg-schedule]: register schedule E:\饿了吗全链路开发\我的仓库\ele-admin-ts\ele-admin-ts\node_modules\egg-logrotator\app\schedule\rotate_by_file.js
2019-09-03 15:11:41,563 INFO 14640 [egg-schedule]: register schedule E:\饿了吗全链路开发\我的仓库\ele-admin-ts\ele-admin-ts\node_modules\egg-multipart\app\schedule\clean_tmpdir.js
2019-09-03 15:11:41,563 INFO 14640 [egg-schedule]: register schedule E:\饿了吗全链路开发\我的仓库\ele-admin-ts\ele-admin-ts\node_modules\egg-logrotator\app\schedule\clean_log.js
2019-09-03 15:11:41,563 INFO 14640 [egg-schedule]: register schedule E:\饿了吗全链路开发\我的仓库\ele-admin-ts\ele-admin-ts\node_modules\egg-logrotator\app\schedule\rotate_by_file.js
2019-09-03 15:13:10,448 INFO 9716 [egg-schedule]: register schedule E:\饿了吗全链路开发\我的仓库\ele-admin-ts\ele-admin-ts\node_modules\egg-multipart\app\schedule\clean_tmpdir.js
2019-09-03 15:13:10,448 INFO 9716 [egg-schedule]: register schedule E:\饿了吗全链路开发\我的仓库\ele-admin-ts\ele-admin-ts\node_modules\egg-logrotator\app\schedule\clean_log.js
2019-09-03 15:13:10,448 INFO 9716 [egg-schedule]: register schedule E:\饿了吗全链路开发\我的仓库\ele-admin-ts\ele-admin-ts\node_modules\egg-logrotator\app\schedule\rotate_by_file.js
2019-09-03 15:13:14,068 INFO 10848 [egg-schedule]: register schedule E:\饿了吗全链路开发\我的仓库\ele-admin-ts\ele-admin-ts\node_modules\egg-multipart\app\schedule\clean_tmpdir.js
2019-09-03 15:13:14,068 INFO 10848 [egg-schedule]: register schedule E:\饿了吗全链路开发\我的仓库\ele-admin-ts\ele-admin-ts\node_modules\egg-logrotator\app\schedule\clean_log.js
2019-09-03 15:13:14,068 INFO 10848 [egg-schedule]: register schedule E:\饿了吗全链路开发\我的仓库\ele-admin-ts\ele-admin-ts\node_modules\egg-logrotator\app\schedule\rotate_by_file.js
2019-09-03 15:14:30,463 INFO 2080 [egg-schedule]: register schedule E:\饿了吗全链路开发\我的仓库\ele-admin-ts\ele-admin-ts\node_modules\egg-multipart\app\schedule\clean_tmpdir.js
2019-09-03 15:14:30,463 INFO 2080 [egg-schedule]: register schedule E:\饿了吗全链路开发\我的仓库\ele-admin-ts\ele-admin-ts\node_modules\egg-logrotator\app\schedule\clean_log.js
2019-09-03 15:14:30,463 INFO 2080 [egg-schedule]: register schedule E:\饿了吗全链路开发\我的仓库\ele-admin-ts\ele-admin-ts\node_modules\egg-logrotator\app\schedule\rotate_by_file.js
2019-09-03 15:14:34,039 INFO 13604 [egg-schedule]: register schedule E:\饿了吗全链路开发\我的仓库\ele-admin-ts\ele-admin-ts\node_modules\egg-multipart\app\schedule\clean_tmpdir.js
2019-09-03 15:14:34,039 INFO 13604 [egg-schedule]: register schedule E:\饿了吗全链路开发\我的仓库\ele-admin-ts\ele-admin-ts\node_modules\egg-logrotator\app\schedule\clean_log.js
2019-09-03 15:14:34,039 INFO 13604 [egg-schedule]: register schedule E:\饿了吗全链路开发\我的仓库\ele-admin-ts\ele-admin-ts\node_modules\egg-logrotator\app\schedule\rotate_by_file.js
2019-09-03 15:15:59,855 INFO 13708 [egg-schedule]: register schedule E:\饿了吗全链路开发\我的仓库\ele-admin-ts\ele-admin-ts\node_modules\egg-multipart\app\schedule\clean_tmpdir.js
2019-09-03 15:15:59,855 INFO 13708 [egg-schedule]: register schedule E:\饿了吗全链路开发\我的仓库\ele-admin-ts\ele-admin-ts\node_modules\egg-logrotator\app\schedule\clean_log.js
2019-09-03 15:15:59,855 INFO 13708 [egg-schedule]: register schedule E:\饿了吗全链路开发\我的仓库\ele-admin-ts\ele-admin-ts\node_modules\egg-logrotator\app\schedule\rotate_by_file.js
2019-09-03 15:16:03,869 INFO 16208 [egg-schedule]: register schedule E:\饿了吗全链路开发\我的仓库\ele-admin-ts\ele-admin-ts\node_modules\egg-multipart\app\schedule\clean_tmpdir.js
2019-09-03 15:16:03,869 INFO 16208 [egg-schedule]: register schedule E:\饿了吗全链路开发\我的仓库\ele-admin-ts\ele-admin-ts\node_modules\egg-logrotator\app\schedule\clean_log.js
2019-09-03 15:16:03,869 INFO 16208 [egg-schedule]: register schedule E:\饿了吗全链路开发\我的仓库\ele-admin-ts\ele-admin-ts\node_modules\egg-logrotator\app\schedule\rotate_by_file.js
2019-09-03 15:16:38,557 INFO 6088 [egg-schedule]: register schedule E:\饿了吗全链路开发\我的仓库\ele-admin-ts\ele-admin-ts\node_modules\egg-multipart\app\schedule\clean_tmpdir.js
2019-09-03 15:16:38,557 INFO 6088 [egg-schedule]: register schedule E:\饿了吗全链路开发\我的仓库\ele-admin-ts\ele-admin-ts\node_modules\egg-logrotator\app\schedule\clean_log.js
2019-09-03 15:16:38,557 INFO 6088 [egg-schedule]: register schedule E:\饿了吗全链路开发\我的仓库\ele-admin-ts\ele-admin-ts\node_modules\egg-logrotator\app\schedule\rotate_by_file.js
2019-09-03 15:16:39,918 INFO 8880 [Timer] E:\饿了吗全链路开发\我的仓库\ele-admin-ts\ele-admin-ts\node_modules\egg-multipart\app\schedule\clean_tmpdir.js next time will execute after 47600084ms at 2019-09-04 04:30:00.002
2019-09-03 15:16:39,919 INFO 8880 [Timer] E:\饿了吗全链路开发\我的仓库\ele-admin-ts\ele-admin-ts\node_modules\egg-logrotator\app\schedule\clean_log.js next time will execute after 31400081ms at 2019-09-04 00:00:00.000
2019-09-03 15:16:39,919 INFO 8880 [Timer] E:\饿了吗全链路开发\我的仓库\ele-admin-ts\ele-admin-ts\node_modules\egg-logrotator\app\schedule\rotate_by_file.js next time will execute after 31401081ms at 2019-09-04 00:00:01.000
2019-09-03 15:43:35,798 INFO 17120 [egg-schedule]: register schedule E:\饿了吗全链路开发\我的仓库\ele-admin-ts\ele-admin-ts\node_modules\egg-multipart\app\schedule\clean_tmpdir.js
2019-09-03 15:43:35,798 INFO 17120 [egg-schedule]: register schedule E:\饿了吗全链路开发\我的仓库\ele-admin-ts\ele-admin-ts\node_modules\egg-logrotator\app\schedule\clean_log.js
2019-09-03 15:43:35,798 INFO 17120 [egg-schedule]: register schedule E:\饿了吗全链路开发\我的仓库\ele-admin-ts\ele-admin-ts\node_modules\egg-logrotator\app\schedule\rotate_by_file.js
2019-09-03 15:43:43,791 INFO 14540 [egg-schedule]: register schedule E:\饿了吗全链路开发\我的仓库\ele-admin-ts\ele-admin-ts\node_modules\egg-multipart\app\schedule\clean_tmpdir.js
2019-09-03 15:43:43,791 INFO 14540 [egg-schedule]: register schedule E:\饿了吗全链路开发\我的仓库\ele-admin-ts\ele-admin-ts\node_modules\egg-logrotator\app\schedule\clean_log.js
2019-09-03 15:43:43,791 INFO 14540 [egg-schedule]: register schedule E:\饿了吗全链路开发\我的仓库\ele-admin-ts\ele-admin-ts\node_modules\egg-logrotator\app\schedule\rotate_by_file.js
2019-09-03 15:49:06,060 INFO 9168 [egg-schedule]: register schedule E:\饿了吗全链路开发\我的仓库\ele-admin-ts\ele-admin-ts\node_modules\egg-multipart\app\schedule\clean_tmpdir.js
2019-09-03 15:49:06,060 INFO 9168 [egg-schedule]: register schedule E:\饿了吗全链路开发\我的仓库\ele-admin-ts\ele-admin-ts\node_modules\egg-logrotator\app\schedule\clean_log.js
2019-09-03 15:49:06,060 INFO 9168 [egg-schedule]: register schedule E:\饿了吗全链路开发\我的仓库\ele-admin-ts\ele-admin-ts\node_modules\egg-logrotator\app\schedule\rotate_by_file.js
2019-09-03 15:49:08,181 INFO 2712 [Timer] E:\饿了吗全链路开发\我的仓库\ele-admin-ts\ele-admin-ts\node_modules\egg-multipart\app\schedule\clean_tmpdir.js next time will execute after 45651824ms at 2019-09-04 04:30:00.005
2019-09-03 15:49:08,181 INFO 2712 [Timer] E:\饿了吗全链路开发\我的仓库\ele-admin-ts\ele-admin-ts\node_modules\egg-logrotator\app\schedule\clean_log.js next time will execute after 29451819ms at 2019-09-04 00:00:00.000
2019-09-03 15:49:08,181 INFO 2712 [Timer] E:\饿了吗全链路开发\我的仓库\ele-admin-ts\ele-admin-ts\node_modules\egg-logrotator\app\schedule\rotate_by_file.js next time will execute after 29452819ms at 2019-09-04 00:00:01.000
2019-09-03 15:49:26,729 INFO 9908 [egg-schedule]: register schedule E:\饿了吗全链路开发\我的仓库\ele-admin-ts\ele-admin-ts\node_modules\egg-multipart\app\schedule\clean_tmpdir.js
2019-09-03 15:49:26,729 INFO 9908 [egg-schedule]: register schedule E:\饿了吗全链路开发\我的仓库\ele-admin-ts\ele-admin-ts\node_modules\egg-logrotator\app\schedule\clean_log.js
2019-09-03 15:49:26,729 INFO 9908 [egg-schedule]: register schedule E:\饿了吗全链路开发\我的仓库\ele-admin-ts\ele-admin-ts\node_modules\egg-logrotator\app\schedule\rotate_by_file.js
2019-09-03 15:49:30,612 INFO 3888 [egg-schedule]: register schedule E:\饿了吗全链路开发\我的仓库\ele-admin-ts\ele-admin-ts\node_modules\egg-multipart\app\schedule\clean_tmpdir.js
2019-09-03 15:49:30,612 INFO 3888 [egg-schedule]: register schedule E:\饿了吗全链路开发\我的仓库\ele-admin-ts\ele-admin-ts\node_modules\egg-logrotator\app\schedule\clean_log.js
2019-09-03 15:49:30,612 INFO 3888 [egg-schedule]: register schedule E:\饿了吗全链路开发\我的仓库\ele-admin-ts\ele-admin-ts\node_modules\egg-logrotator\app\schedule\rotate_by_file.js
2019-09-03 15:49:38,855 INFO 3368 [egg-schedule]: register schedule E:\饿了吗全链路开发\我的仓库\ele-admin-ts\ele-admin-ts\node_modules\egg-multipart\app\schedule\clean_tmpdir.js
2019-09-03 15:49:38,855 INFO 3368 [egg-schedule]: register schedule E:\饿了吗全链路开发\我的仓库\ele-admin-ts\ele-admin-ts\node_modules\egg-logrotator\app\schedule\clean_log.js
2019-09-03 15:49:38,855 INFO 3368 [egg-schedule]: register schedule E:\饿了吗全链路开发\我的仓库\ele-admin-ts\ele-admin-ts\node_modules\egg-logrotator\app\schedule\rotate_by_file.js
2019-09-03 15:49:42,508 INFO 16028 [egg-schedule]: register schedule E:\饿了吗全链路开发\我的仓库\ele-admin-ts\ele-admin-ts\node_modules\egg-multipart\app\schedule\clean_tmpdir.js
2019-09-03 15:49:42,508 INFO 16028 [egg-schedule]: register schedule E:\饿了吗全链路开发\我的仓库\ele-admin-ts\ele-admin-ts\node_modules\egg-logrotator\app\schedule\clean_log.js
2019-09-03 15:49:42,508 INFO 16028 [egg-schedule]: register schedule E:\饿了吗全链路开发\我的仓库\ele-admin-ts\ele-admin-ts\node_modules\egg-logrotator\app\schedule\rotate_by_file.js
2019-09-03 15:49:46,796 INFO 2540 [egg-schedule]: register schedule E:\饿了吗全链路开发\我的仓库\ele-admin-ts\ele-admin-ts\node_modules\egg-multipart\app\schedule\clean_tmpdir.js
2019-09-03 15:49:46,796 INFO 2540 [egg-schedule]: register schedule E:\饿了吗全链路开发\我的仓库\ele-admin-ts\ele-admin-ts\node_modules\egg-logrotator\app\schedule\clean_log.js
2019-09-03 15:49:46,796 INFO 2540 [egg-schedule]: register schedule E:\饿了吗全链路开发\我的仓库\ele-admin-ts\ele-admin-ts\node_modules\egg-logrotator\app\schedule\rotate_by_file.js
2019-09-03 15:49:50,475 INFO 3888 [egg-schedule]: register schedule E:\饿了吗全链路开发\我的仓库\ele-admin-ts\ele-admin-ts\node_modules\egg-multipart\app\schedule\clean_tmpdir.js
2019-09-03 15:49:50,476 INFO 3888 [egg-schedule]: register schedule E:\饿了吗全链路开发\我的仓库\ele-admin-ts\ele-admin-ts\node_modules\egg-logrotator\app\schedule\clean_log.js
2019-09-03 15:49:50,476 INFO 3888 [egg-schedule]: register schedule E:\饿了吗全链路开发\我的仓库\ele-admin-ts\ele-admin-ts\node_modules\egg-logrotator\app\schedule\rotate_by_file.js
2019-09-03 15:52:41,320 INFO 16284 [egg-schedule]: register schedule E:\饿了吗全链路开发\我的仓库\ele-admin-ts\ele-admin-ts\node_modules\egg-multipart\app\schedule\clean_tmpdir.js
2019-09-03 15:52:41,320 INFO 16284 [egg-schedule]: register schedule E:\饿了吗全链路开发\我的仓库\ele-admin-ts\ele-admin-ts\node_modules\egg-logrotator\app\schedule\clean_log.js
2019-09-03 15:52:41,320 INFO 16284 [egg-schedule]: register schedule E:\饿了吗全链路开发\我的仓库\ele-admin-ts\ele-admin-ts\node_modules\egg-logrotator\app\schedule\rotate_by_file.js
2019-09-03 15:52:44,970 INFO 16324 [egg-schedule]: register schedule E:\饿了吗全链路开发\我的仓库\ele-admin-ts\ele-admin-ts\node_modules\egg-multipart\app\schedule\clean_tmpdir.js
2019-09-03 15:52:44,970 INFO 16324 [egg-schedule]: register schedule E:\饿了吗全链路开发\我的仓库\ele-admin-ts\ele-admin-ts\node_modules\egg-logrotator\app\schedule\clean_log.js
2019-09-03 15:52:44,970 INFO 16324 [egg-schedule]: register schedule E:\饿了吗全链路开发\我的仓库\ele-admin-ts\ele-admin-ts\node_modules\egg-logrotator\app\schedule\rotate_by_file.js
2019-09-03 15:53:07,443 INFO 11820 [egg-schedule]: register schedule E:\饿了吗全链路开发\我的仓库\ele-admin-ts\ele-admin-ts\node_modules\egg-multipart\app\schedule\clean_tmpdir.js
2019-09-03 15:53:07,443 INFO 11820 [egg-schedule]: register schedule E:\饿了吗全链路开发\我的仓库\ele-admin-ts\ele-admin-ts\node_modules\egg-logrotator\app\schedule\clean_log.js
2019-09-03 15:53:07,443 INFO 11820 [egg-schedule]: register schedule E:\饿了吗全链路开发\我的仓库\ele-admin-ts\ele-admin-ts\node_modules\egg-logrotator\app\schedule\rotate_by_file.js
2019-09-03 15:53:11,097 INFO 1196 [egg-schedule]: register schedule E:\饿了吗全链路开发\我的仓库\ele-admin-ts\ele-admin-ts\node_modules\egg-multipart\app\schedule\clean_tmpdir.js
2019-09-03 15:53:11,097 INFO 1196 [egg-schedule]: register schedule E:\饿了吗全链路开发\我的仓库\ele-admin-ts\ele-admin-ts\node_modules\egg-logrotator\app\schedule\clean_log.js
2019-09-03 15:53:11,097 INFO 1196 [egg-schedule]: register schedule E:\饿了吗全链路开发\我的仓库\ele-admin-ts\ele-admin-ts\node_modules\egg-logrotator\app\schedule\rotate_by_file.js
2019-09-03 15:53:15,802 INFO 12512 [egg-schedule]: register schedule E:\饿了吗全链路开发\我的仓库\ele-admin-ts\ele-admin-ts\node_modules\egg-multipart\app\schedule\clean_tmpdir.js
2019-09-03 15:53:15,802 INFO 12512 [egg-schedule]: register schedule E:\饿了吗全链路开发\我的仓库\ele-admin-ts\ele-admin-ts\node_modules\egg-logrotator\app\schedule\clean_log.js
2019-09-03 15:53:15,802 INFO 12512 [egg-schedule]: register schedule E:\饿了吗全链路开发\我的仓库\ele-admin-ts\ele-admin-ts\node_modules\egg-logrotator\app\schedule\rotate_by_file.js
2019-09-03 15:53:21,862 INFO 7544 [egg-schedule]: register schedule E:\饿了吗全链路开发\我的仓库\ele-admin-ts\ele-admin-ts\node_modules\egg-multipart\app\schedule\clean_tmpdir.js
2019-09-03 15:53:21,862 INFO 7544 [egg-schedule]: register schedule E:\饿了吗全链路开发\我的仓库\ele-admin-ts\ele-admin-ts\node_modules\egg-logrotator\app\schedule\clean_log.js
2019-09-03 15:53:21,862 INFO 7544 [egg-schedule]: register schedule E:\饿了吗全链路开发\我的仓库\ele-admin-ts\ele-admin-ts\node_modules\egg-logrotator\app\schedule\rotate_by_file.js
2019-09-03 15:54:23,286 INFO 6512 [egg-schedule]: register schedule E:\饿了吗全链路开发\我的仓库\ele-admin-ts\ele-admin-ts\node_modules\egg-multipart\app\schedule\clean_tmpdir.js
2019-09-03 15:54:23,286 INFO 6512 [egg-schedule]: register schedule E:\饿了吗全链路开发\我的仓库\ele-admin-ts\ele-admin-ts\node_modules\egg-logrotator\app\schedule\clean_log.js
2019-09-03 15:54:23,286 INFO 6512 [egg-schedule]: register schedule E:\饿了吗全链路开发\我的仓库\ele-admin-ts\ele-admin-ts\node_modules\egg-logrotator\app\schedule\rotate_by_file.js
2019-09-03 15:54:27,140 INFO 9372 [egg-schedule]: register schedule E:\饿了吗全链路开发\我的仓库\ele-admin-ts\ele-admin-ts\node_modules\egg-multipart\app\schedule\clean_tmpdir.js
2019-09-03 15:54:27,140 INFO 9372 [egg-schedule]: register schedule E:\饿了吗全链路开发\我的仓库\ele-admin-ts\ele-admin-ts\node_modules\egg-logrotator\app\schedule\clean_log.js
2019-09-03 15:54:27,140 INFO 9372 [egg-schedule]: register schedule E:\饿了吗全链路开发\我的仓库\ele-admin-ts\ele-admin-ts\node_modules\egg-logrotator\app\schedule\rotate_by_file.js
2019-09-03 16:01:30,686 INFO 7016 [egg-schedule]: register schedule E:\饿了吗全链路开发\我的仓库\ele-admin-ts\ele-admin-ts\node_modules\egg-multipart\app\schedule\clean_tmpdir.js
2019-09-03 16:01:30,686 INFO 7016 [egg-schedule]: register schedule E:\饿了吗全链路开发\我的仓库\ele-admin-ts\ele-admin-ts\node_modules\egg-logrotator\app\schedule\clean_log.js
2019-09-03 16:01:30,686 INFO 7016 [egg-schedule]: register schedule E:\饿了吗全链路开发\我的仓库\ele-admin-ts\ele-admin-ts\node_modules\egg-logrotator\app\schedule\rotate_by_file.js
2019-09-03 16:01:31,950 INFO 14012 [Timer] E:\饿了吗全链路开发\我的仓库\ele-admin-ts\ele-admin-ts\node_modules\egg-multipart\app\schedule\clean_tmpdir.js next time will execute after 44908053ms at 2019-09-04 04:30:00.003
2019-09-03 16:01:31,950 INFO 14012 [Timer] E:\饿了吗全链路开发\我的仓库\ele-admin-ts\ele-admin-ts\node_modules\egg-logrotator\app\schedule\clean_log.js next time will execute after 28708050ms at 2019-09-04 00:00:00.000
2019-09-03 16:01:31,950 INFO 14012 [Timer] E:\饿了吗全链路开发\我的仓库\ele-admin-ts\ele-admin-ts\node_modules\egg-logrotator\app\schedule\rotate_by_file.js next time will execute after 28709050ms at 2019-09-04 00:00:01.000
2019-09-03 16:01:36,874 INFO 12536 [egg-schedule]: register schedule E:\饿了吗全链路开发\我的仓库\ele-admin-ts\ele-admin-ts\node_modules\egg-multipart\app\schedule\clean_tmpdir.js
2019-09-03 16:01:36,875 INFO 12536 [egg-schedule]: register schedule E:\饿了吗全链路开发\我的仓库\ele-admin-ts\ele-admin-ts\node_modules\egg-logrotator\app\schedule\clean_log.js
2019-09-03 16:01:36,875 INFO 12536 [egg-schedule]: register schedule E:\饿了吗全链路开发\我的仓库\ele-admin-ts\ele-admin-ts\node_modules\egg-logrotator\app\schedule\rotate_by_file.js
2019-09-03 16:03:05,604 INFO 4548 [egg-schedule]: register schedule E:\饿了吗全链路开发\我的仓库\ele-admin-ts\ele-admin-ts\node_modules\egg-multipart\app\schedule\clean_tmpdir.js
2019-09-03 16:03:05,604 INFO 4548 [egg-schedule]: register schedule E:\饿了吗全链路开发\我的仓库\ele-admin-ts\ele-admin-ts\node_modules\egg-logrotator\app\schedule\clean_log.js
2019-09-03 16:03:05,604 INFO 4548 [egg-schedule]: register schedule E:\饿了吗全链路开发\我的仓库\ele-admin-ts\ele-admin-ts\node_modules\egg-logrotator\app\schedule\rotate_by_file.js
2019-09-03 16:03:07,941 INFO 14216 [Timer] E:\饿了吗全链路开发\我的仓库\ele-admin-ts\ele-admin-ts\node_modules\egg-multipart\app\schedule\clean_tmpdir.js next time will execute after 44812062ms at 2019-09-04 04:30:00.003
2019-09-03 16:03:07,941 INFO 14216 [Timer] E:\饿了吗全链路开发\我的仓库\ele-admin-ts\ele-admin-ts\node_modules\egg-logrotator\app\schedule\clean_log.js next time will execute after 28612059ms at 2019-09-04 00:00:00.000
2019-09-03 16:03:07,941 INFO 14216 [Timer] E:\饿了吗全链路开发\我的仓库\ele-admin-ts\ele-admin-ts\node_modules\egg-logrotator\app\schedule\rotate_by_file.js next time will execute after 28613059ms at 2019-09-04 00:00:01.000
2019-09-03 16:03:07,949 INFO 13928 [egg-schedule]: register schedule E:\饿了吗全链路开发\我的仓库\ele-admin-ts\ele-admin-ts\node_modules\egg-multipart\app\schedule\clean_tmpdir.js
2019-09-03 16:03:07,949 INFO 13928 [egg-schedule]: register schedule E:\饿了吗全链路开发\我的仓库\ele-admin-ts\ele-admin-ts\node_modules\egg-logrotator\app\schedule\clean_log.js
2019-09-03 16:03:07,949 INFO 13928 [egg-schedule]: register schedule E:\饿了吗全链路开发\我的仓库\ele-admin-ts\ele-admin-ts\node_modules\egg-logrotator\app\schedule\rotate_by_file.js
2019-09-03 16:04:15,314 INFO 17328 [egg-schedule]: register schedule E:\饿了吗全链路开发\我的仓库\ele-admin-ts\ele-admin-ts\node_modules\egg-multipart\app\schedule\clean_tmpdir.js
2019-09-03 16:04:15,314 INFO 17328 [egg-schedule]: register schedule E:\饿了吗全链路开发\我的仓库\ele-admin-ts\ele-admin-ts\node_modules\egg-logrotator\app\schedule\clean_log.js
2019-09-03 16:04:15,314 INFO 17328 [egg-schedule]: register schedule E:\饿了吗全链路开发\我的仓库\ele-admin-ts\ele-admin-ts\node_modules\egg-logrotator\app\schedule\rotate_by_file.js
2019-09-03 16:04:19,011 INFO 12996 [egg-schedule]: register schedule E:\饿了吗全链路开发\我的仓库\ele-admin-ts\ele-admin-ts\node_modules\egg-multipart\app\schedule\clean_tmpdir.js
2019-09-03 16:04:19,011 INFO 12996 [egg-schedule]: register schedule E:\饿了吗全链路开发\我的仓库\ele-admin-ts\ele-admin-ts\node_modules\egg-logrotator\app\schedule\clean_log.js
2019-09-03 16:04:19,011 INFO 12996 [egg-schedule]: register schedule E:\饿了吗全链路开发\我的仓库\ele-admin-ts\ele-admin-ts\node_modules\egg-logrotator\app\schedule\rotate_by_file.js
2019-09-03 16:04:31,392 INFO 10808 [egg-schedule]: register schedule E:\饿了吗全链路开发\我的仓库\ele-admin-ts\ele-admin-ts\node_modules\egg-multipart\app\schedule\clean_tmpdir.js
2019-09-03 16:04:31,392 INFO 10808 [egg-schedule]: register schedule E:\饿了吗全链路开发\我的仓库\ele-admin-ts\ele-admin-ts\node_modules\egg-logrotator\app\schedule\clean_log.js
2019-09-03 16:04:31,393 INFO 10808 [egg-schedule]: register schedule E:\饿了吗全链路开发\我的仓库\ele-admin-ts\ele-admin-ts\node_modules\egg-logrotator\app\schedule\rotate_by_file.js
2019-09-03 16:04:35,009 INFO 9600 [egg-schedule]: register schedule E:\饿了吗全链路开发\我的仓库\ele-admin-ts\ele-admin-ts\node_modules\egg-multipart\app\schedule\clean_tmpdir.js
2019-09-03 16:04:35,009 INFO 9600 [egg-schedule]: register schedule E:\饿了吗全链路开发\我的仓库\ele-admin-ts\ele-admin-ts\node_modules\egg-logrotator\app\schedule\clean_log.js
2019-09-03 16:04:35,009 INFO 9600 [egg-schedule]: register schedule E:\饿了吗全链路开发\我的仓库\ele-admin-ts\ele-admin-ts\node_modules\egg-logrotator\app\schedule\rotate_by_file.js
2019-09-03 16:08:28,124 INFO 1392 [egg-schedule]: register schedule E:\饿了吗全链路开发\我的仓库\ele-admin-ts\ele-admin-ts\node_modules\egg-multipart\app\schedule\clean_tmpdir.js
2019-09-03 16:08:28,124 INFO 1392 [egg-schedule]: register schedule E:\饿了吗全链路开发\我的仓库\ele-admin-ts\ele-admin-ts\node_modules\egg-logrotator\app\schedule\clean_log.js
2019-09-03 16:08:28,124 INFO 1392 [egg-schedule]: register schedule E:\饿了吗全链路开发\我的仓库\ele-admin-ts\ele-admin-ts\node_modules\egg-logrotator\app\schedule\rotate_by_file.js
2019-09-03 16:08:29,368 INFO 6464 [Timer] E:\饿了吗全链路开发\我的仓库\ele-admin-ts\ele-admin-ts\node_modules\egg-multipart\app\schedule\clean_tmpdir.js next time will execute after 44490634ms at 2019-09-04 04:30:00.002
2019-09-03 16:08:29,368 INFO 6464 [Timer] E:\饿了吗全链路开发\我的仓库\ele-admin-ts\ele-admin-ts\node_modules\egg-logrotator\app\schedule\clean_log.js next time will execute after 28290632ms at 2019-09-04 00:00:00.000
2019-09-03 16:08:29,369 INFO 6464 [Timer] E:\饿了吗全链路开发\我的仓库\ele-admin-ts\ele-admin-ts\node_modules\egg-logrotator\app\schedule\rotate_by_file.js next time will execute after 28291632ms at 2019-09-04 00:00:01.001
2019-09-03 16:09:47,918 INFO 4712 [egg-schedule]: register schedule E:\饿了吗全链路开发\我的仓库\ele-admin-ts\ele-admin-ts\node_modules\egg-multipart\app\schedule\clean_tmpdir.js
2019-09-03 16:09:47,918 INFO 4712 [egg-schedule]: register schedule E:\饿了吗全链路开发\我的仓库\ele-admin-ts\ele-admin-ts\node_modules\egg-logrotator\app\schedule\clean_log.js
2019-09-03 16:09:47,918 INFO 4712 [egg-schedule]: register schedule E:\饿了吗全链路开发\我的仓库\ele-admin-ts\ele-admin-ts\node_modules\egg-logrotator\app\schedule\rotate_by_file.js
2019-09-03 16:09:56,109 INFO 4508 [egg-schedule]: register schedule E:\饿了吗全链路开发\我的仓库\ele-admin-ts\ele-admin-ts\node_modules\egg-multipart\app\schedule\clean_tmpdir.js
2019-09-03 16:09:56,109 INFO 4508 [egg-schedule]: register schedule E:\饿了吗全链路开发\我的仓库\ele-admin-ts\ele-admin-ts\node_modules\egg-logrotator\app\schedule\clean_log.js
2019-09-03 16:09:56,109 INFO 4508 [egg-schedule]: register schedule E:\饿了吗全链路开发\我的仓库\ele-admin-ts\ele-admin-ts\node_modules\egg-logrotator\app\schedule\rotate_by_file.js
2019-09-03 16:10:31,343 INFO 4032 [egg-schedule]: register schedule E:\饿了吗全链路开发\我的仓库\ele-admin-ts\ele-admin-ts\node_modules\egg-multipart\app\schedule\clean_tmpdir.js
2019-09-03 16:10:31,343 INFO 4032 [egg-schedule]: register schedule E:\饿了吗全链路开发\我的仓库\ele-admin-ts\ele-admin-ts\node_modules\egg-logrotator\app\schedule\clean_log.js
2019-09-03 16:10:31,343 INFO 4032 [egg-schedule]: register schedule E:\饿了吗全链路开发\我的仓库\ele-admin-ts\ele-admin-ts\node_modules\egg-logrotator\app\schedule\rotate_by_file.js
2019-09-03 16:10:39,187 INFO 128 [egg-schedule]: register schedule E:\饿了吗全链路开发\我的仓库\ele-admin-ts\ele-admin-ts\node_modules\egg-multipart\app\schedule\clean_tmpdir.js
2019-09-03 16:10:39,187 INFO 128 [egg-schedule]: register schedule E:\饿了吗全链路开发\我的仓库\ele-admin-ts\ele-admin-ts\node_modules\egg-logrotator\app\schedule\clean_log.js
2019-09-03 16:10:39,187 INFO 128 [egg-schedule]: register schedule E:\饿了吗全链路开发\我的仓库\ele-admin-ts\ele-admin-ts\node_modules\egg-logrotator\app\schedule\rotate_by_file.js
2019-09-03 16:11:08,380 INFO 13840 [egg-schedule]: register schedule E:\饿了吗全链路开发\我的仓库\ele-admin-ts\ele-admin-ts\node_modules\egg-multipart\app\schedule\clean_tmpdir.js
2019-09-03 16:11:08,380 INFO 13840 [egg-schedule]: register schedule E:\饿了吗全链路开发\我的仓库\ele-admin-ts\ele-admin-ts\node_modules\egg-logrotator\app\schedule\clean_log.js
2019-09-03 16:11:08,380 INFO 13840 [egg-schedule]: register schedule E:\饿了吗全链路开发\我的仓库\ele-admin-ts\ele-admin-ts\node_modules\egg-logrotator\app\schedule\rotate_by_file.js
2019-09-03 16:11:16,410 INFO 14752 [egg-schedule]: register schedule E:\饿了吗全链路开发\我的仓库\ele-admin-ts\ele-admin-ts\node_modules\egg-multipart\app\schedule\clean_tmpdir.js
2019-09-03 16:11:16,410 INFO 14752 [egg-schedule]: register schedule E:\饿了吗全链路开发\我的仓库\ele-admin-ts\ele-admin-ts\node_modules\egg-logrotator\app\schedule\clean_log.js
2019-09-03 16:11:16,410 INFO 14752 [egg-schedule]: register schedule E:\饿了吗全链路开发\我的仓库\ele-admin-ts\ele-admin-ts\node_modules\egg-logrotator\app\schedule\rotate_by_file.js
2019-09-03 16:29:28,225 INFO 12576 [egg-schedule]: register schedule E:\饿了吗全链路开发\我的仓库\ele-admin-ts\ele-admin-ts\node_modules\egg-multipart\app\schedule\clean_tmpdir.js
2019-09-03 16:29:28,225 INFO 12576 [egg-schedule]: register schedule E:\饿了吗全链路开发\我的仓库\ele-admin-ts\ele-admin-ts\node_modules\egg-logrotator\app\schedule\clean_log.js
2019-09-03 16:29:28,225 INFO 12576 [egg-schedule]: register schedule E:\饿了吗全链路开发\我的仓库\ele-admin-ts\ele-admin-ts\node_modules\egg-logrotator\app\schedule\rotate_by_file.js
2019-09-03 16:29:35,941 INFO 15300 [egg-schedule]: register schedule E:\饿了吗全链路开发\我的仓库\ele-admin-ts\ele-admin-ts\node_modules\egg-multipart\app\schedule\clean_tmpdir.js
2019-09-03 16:29:35,941 INFO 15300 [egg-schedule]: register schedule E:\饿了吗全链路开发\我的仓库\ele-admin-ts\ele-admin-ts\node_modules\egg-logrotator\app\schedule\clean_log.js
2019-09-03 16:29:35,941 INFO 15300 [egg-schedule]: register schedule E:\饿了吗全链路开发\我的仓库\ele-admin-ts\ele-admin-ts\node_modules\egg-logrotator\app\schedule\rotate_by_file.js
2019-09-03 16:30:08,642 INFO 14092 [egg-schedule]: register schedule E:\饿了吗全链路开发\我的仓库\ele-admin-ts\ele-admin-ts\node_modules\egg-multipart\app\schedule\clean_tmpdir.js
2019-09-03 16:30:08,642 INFO 14092 [egg-schedule]: register schedule E:\饿了吗全链路开发\我的仓库\ele-admin-ts\ele-admin-ts\node_modules\egg-logrotator\app\schedule\clean_log.js
2019-09-03 16:30:08,642 INFO 14092 [egg-schedule]: register schedule E:\饿了吗全链路开发\我的仓库\ele-admin-ts\ele-admin-ts\node_modules\egg-logrotator\app\schedule\rotate_by_file.js
2019-09-03 16:30:16,421 INFO 12860 [egg-schedule]: register schedule E:\饿了吗全链路开发\我的仓库\ele-admin-ts\ele-admin-ts\node_modules\egg-multipart\app\schedule\clean_tmpdir.js
2019-09-03 16:30:16,421 INFO 12860 [egg-schedule]: register schedule E:\饿了吗全链路开发\我的仓库\ele-admin-ts\ele-admin-ts\node_modules\egg-logrotator\app\schedule\clean_log.js
2019-09-03 16:30:16,421 INFO 12860 [egg-schedule]: register schedule E:\饿了吗全链路开发\我的仓库\ele-admin-ts\ele-admin-ts\node_modules\egg-logrotator\app\schedule\rotate_by_file.js
2019-09-03 16:31:48,822 INFO 4708 [egg-schedule]: register schedule E:\饿了吗全链路开发\我的仓库\ele-admin-ts\ele-admin-ts\node_modules\egg-multipart\app\schedule\clean_tmpdir.js
2019-09-03 16:31:48,822 INFO 4708 [egg-schedule]: register schedule E:\饿了吗全链路开发\我的仓库\ele-admin-ts\ele-admin-ts\node_modules\egg-logrotator\app\schedule\clean_log.js
2019-09-03 16:31:48,822 INFO 4708 [egg-schedule]: register schedule E:\饿了吗全链路开发\我的仓库\ele-admin-ts\ele-admin-ts\node_modules\egg-logrotator\app\schedule\rotate_by_file.js
2019-09-03 16:31:56,479 INFO 32 [egg-schedule]: register schedule E:\饿了吗全链路开发\我的仓库\ele-admin-ts\ele-admin-ts\node_modules\egg-multipart\app\schedule\clean_tmpdir.js
2019-09-03 16:31:56,479 INFO 32 [egg-schedule]: register schedule E:\饿了吗全链路开发\我的仓库\ele-admin-ts\ele-admin-ts\node_modules\egg-logrotator\app\schedule\clean_log.js
2019-09-03 16:31:56,479 INFO 32 [egg-schedule]: register schedule E:\饿了吗全链路开发\我的仓库\ele-admin-ts\ele-admin-ts\node_modules\egg-logrotator\app\schedule\rotate_by_file.js
2019-09-03 16:32:43,447 INFO 15112 [egg-schedule]: register schedule E:\饿了吗全链路开发\我的仓库\ele-admin-ts\ele-admin-ts\node_modules\egg-multipart\app\schedule\clean_tmpdir.js
2019-09-03 16:32:43,447 INFO 15112 [egg-schedule]: register schedule E:\饿了吗全链路开发\我的仓库\ele-admin-ts\ele-admin-ts\node_modules\egg-logrotator\app\schedule\clean_log.js
2019-09-03 16:32:43,447 INFO 15112 [egg-schedule]: register schedule E:\饿了吗全链路开发\我的仓库\ele-admin-ts\ele-admin-ts\node_modules\egg-logrotator\app\schedule\rotate_by_file.js
2019-09-03 16:32:51,056 INFO 15216 [egg-schedule]: register schedule E:\饿了吗全链路开发\我的仓库\ele-admin-ts\ele-admin-ts\node_modules\egg-multipart\app\schedule\clean_tmpdir.js
2019-09-03 16:32:51,056 INFO 15216 [egg-schedule]: register schedule E:\饿了吗全链路开发\我的仓库\ele-admin-ts\ele-admin-ts\node_modules\egg-logrotator\app\schedule\clean_log.js
2019-09-03 16:32:51,056 INFO 15216 [egg-schedule]: register schedule E:\饿了吗全链路开发\我的仓库\ele-admin-ts\ele-admin-ts\node_modules\egg-logrotator\app\schedule\rotate_by_file.js
2019-09-03 16:36:31,527 INFO 7960 [egg-schedule]: register schedule E:\饿了吗全链路开发\我的仓库\ele-admin-ts\ele-admin-ts\node_modules\egg-multipart\app\schedule\clean_tmpdir.js
2019-09-03 16:36:31,527 INFO 7960 [egg-schedule]: register schedule E:\饿了吗全链路开发\我的仓库\ele-admin-ts\ele-admin-ts\node_modules\egg-logrotator\app\schedule\clean_log.js
2019-09-03 16:36:31,527 INFO 7960 [egg-schedule]: register schedule E:\饿了吗全链路开发\我的仓库\ele-admin-ts\ele-admin-ts\node_modules\egg-logrotator\app\schedule\rotate_by_file.js
2019-09-03 16:36:40,307 INFO 2672 [egg-schedule]: register schedule E:\饿了吗全链路开发\我的仓库\ele-admin-ts\ele-admin-ts\node_modules\egg-multipart\app\schedule\clean_tmpdir.js
2019-09-03 16:36:40,307 INFO 2672 [egg-schedule]: register schedule E:\饿了吗全链路开发\我的仓库\ele-admin-ts\ele-admin-ts\node_modules\egg-logrotator\app\schedule\clean_log.js
2019-09-03 16:36:40,307 INFO 2672 [egg-schedule]: register schedule E:\饿了吗全链路开发\我的仓库\ele-admin-ts\ele-admin-ts\node_modules\egg-logrotator\app\schedule\rotate_by_file.js
2019-09-03 16:38:51,177 INFO 15356 [egg-schedule]: register schedule E:\饿了吗全链路开发\我的仓库\ele-admin-ts\ele-admin-ts\node_modules\egg-multipart\app\schedule\clean_tmpdir.js
2019-09-03 16:38:51,177 INFO 15356 [egg-schedule]: register schedule E:\饿了吗全链路开发\我的仓库\ele-admin-ts\ele-admin-ts\node_modules\egg-logrotator\app\schedule\clean_log.js
2019-09-03 16:38:51,177 INFO 15356 [egg-schedule]: register schedule E:\饿了吗全链路开发\我的仓库\ele-admin-ts\ele-admin-ts\node_modules\egg-logrotator\app\schedule\rotate_by_file.js
2019-09-03 16:38:58,598 INFO 12924 [egg-schedule]: register schedule E:\饿了吗全链路开发\我的仓库\ele-admin-ts\ele-admin-ts\node_modules\egg-multipart\app\schedule\clean_tmpdir.js
2019-09-03 16:38:58,598 INFO 12924 [egg-schedule]: register schedule E:\饿了吗全链路开发\我的仓库\ele-admin-ts\ele-admin-ts\node_modules\egg-logrotator\app\schedule\clean_log.js
2019-09-03 16:38:58,598 INFO 12924 [egg-schedule]: register schedule E:\饿了吗全链路开发\我的仓库\ele-admin-ts\ele-admin-ts\node_modules\egg-logrotator\app\schedule\rotate_by_file.js
2019-09-03 20:55:59,991 INFO 12088 [egg-schedule]: register schedule E:\饿了吗全链路开发\我的仓库\ele-admin-ts\ele-admin-ts\node_modules\egg-multipart\app\schedule\clean_tmpdir.js
2019-09-03 20:55:59,991 INFO 12088 [egg-schedule]: register schedule E:\饿了吗全链路开发\我的仓库\ele-admin-ts\ele-admin-ts\node_modules\egg-logrotator\app\schedule\clean_log.js
2019-09-03 20:55:59,991 INFO 12088 [egg-schedule]: register schedule E:\饿了吗全链路开发\我的仓库\ele-admin-ts\ele-admin-ts\node_modules\egg-logrotator\app\schedule\rotate_by_file.js
2019-09-03 20:56:02,587 INFO 2188 [Timer] E:\饿了吗全链路开发\我的仓库\ele-admin-ts\ele-admin-ts\node_modules\egg-multipart\app\schedule\clean_tmpdir.js next time will execute after 27237416ms at 2019-09-04 04:30:00.003
2019-09-03 20:56:02,587 INFO 2188 [Timer] E:\饿了吗全链路开发\我的仓库\ele-admin-ts\ele-admin-ts\node_modules\egg-logrotator\app\schedule\clean_log.js next time will execute after 11037413ms at 2019-09-04 00:00:00.000
2019-09-03 20:56:02,587 INFO 2188 [Timer] E:\饿了吗全链路开发\我的仓库\ele-admin-ts\ele-admin-ts\node_modules\egg-logrotator\app\schedule\rotate_by_file.js next time will execute after 11038413ms at 2019-09-04 00:00:01.000
2019-09-03 20:56:02,546 INFO 4712 [egg-schedule]: register schedule E:\饿了吗全链路开发\我的仓库\ele-admin-ts\ele-admin-ts\node_modules\egg-multipart\app\schedule\clean_tmpdir.js
2019-09-03 20:56:02,546 INFO 4712 [egg-schedule]: register schedule E:\饿了吗全链路开发\我的仓库\ele-admin-ts\ele-admin-ts\node_modules\egg-logrotator\app\schedule\clean_log.js
2019-09-03 20:56:02,546 INFO 4712 [egg-schedule]: register schedule E:\饿了吗全链路开发\我的仓库\ele-admin-ts\ele-admin-ts\node_modules\egg-logrotator\app\schedule\rotate_by_file.js
2019-09-03 20:56:07,733 INFO 5840 [egg-schedule]: register schedule E:\饿了吗全链路开发\我的仓库\ele-admin-ts\ele-admin-ts\node_modules\egg-multipart\app\schedule\clean_tmpdir.js
2019-09-03 20:56:07,733 INFO 5840 [egg-schedule]: register schedule E:\饿了吗全链路开发\我的仓库\ele-admin-ts\ele-admin-ts\node_modules\egg-logrotator\app\schedule\clean_log.js
2019-09-03 20:56:07,733 INFO 5840 [egg-schedule]: register schedule E:\饿了吗全链路开发\我的仓库\ele-admin-ts\ele-admin-ts\node_modules\egg-logrotator\app\schedule\rotate_by_file.js
2019-09-03 20:56:11,398 INFO 14564 [egg-schedule]: register schedule E:\饿了吗全链路开发\我的仓库\ele-admin-ts\ele-admin-ts\node_modules\egg-multipart\app\schedule\clean_tmpdir.js
2019-09-03 20:56:11,398 INFO 14564 [egg-schedule]: register schedule E:\饿了吗全链路开发\我的仓库\ele-admin-ts\ele-admin-ts\node_modules\egg-logrotator\app\schedule\clean_log.js
2019-09-03 20:56:11,398 INFO 14564 [egg-schedule]: register schedule E:\饿了吗全链路开发\我的仓库\ele-admin-ts\ele-admin-ts\node_modules\egg-logrotator\app\schedule\rotate_by_file.js
2019-09-03 20:59:35,428 INFO 7964 [egg-schedule]: register schedule E:\饿了吗全链路开发\我的仓库\ele-admin-ts\ele-admin-ts\node_modules\egg-multipart\app\schedule\clean_tmpdir.js
2019-09-03 20:59:35,428 INFO 7964 [egg-schedule]: register schedule E:\饿了吗全链路开发\我的仓库\ele-admin-ts\ele-admin-ts\node_modules\egg-logrotator\app\schedule\clean_log.js
2019-09-03 20:59:35,429 INFO 7964 [egg-schedule]: register schedule E:\饿了吗全链路开发\我的仓库\ele-admin-ts\ele-admin-ts\node_modules\egg-logrotator\app\schedule\rotate_by_file.js
2019-09-03 20:59:39,136 INFO 16828 [egg-schedule]: register schedule E:\饿了吗全链路开发\我的仓库\ele-admin-ts\ele-admin-ts\node_modules\egg-multipart\app\schedule\clean_tmpdir.js
2019-09-03 20:59:39,137 INFO 16828 [egg-schedule]: register schedule E:\饿了吗全链路开发\我的仓库\ele-admin-ts\ele-admin-ts\node_modules\egg-logrotator\app\schedule\clean_log.js
2019-09-03 20:59:39,137 INFO 16828 [egg-schedule]: register schedule E:\饿了吗全链路开发\我的仓库\ele-admin-ts\ele-admin-ts\node_modules\egg-logrotator\app\schedule\rotate_by_file.js
2019-09-03 21:04:53,204 INFO 7964 [egg-schedule]: register schedule E:\饿了吗全链路开发\我的仓库\ele-admin-ts\ele-admin-ts\node_modules\egg-multipart\app\schedule\clean_tmpdir.js
2019-09-03 21:04:53,204 INFO 7964 [egg-schedule]: register schedule E:\饿了吗全链路开发\我的仓库\ele-admin-ts\ele-admin-ts\node_modules\egg-logrotator\app\schedule\clean_log.js
2019-09-03 21:04:53,204 INFO 7964 [egg-schedule]: register schedule E:\饿了吗全链路开发\我的仓库\ele-admin-ts\ele-admin-ts\node_modules\egg-logrotator\app\schedule\rotate_by_file.js
2019-09-03 21:04:56,864 INFO 13304 [egg-schedule]: register schedule E:\饿了吗全链路开发\我的仓库\ele-admin-ts\ele-admin-ts\node_modules\egg-multipart\app\schedule\clean_tmpdir.js
2019-09-03 21:04:56,864 INFO 13304 [egg-schedule]: register schedule E:\饿了吗全链路开发\我的仓库\ele-admin-ts\ele-admin-ts\node_modules\egg-logrotator\app\schedule\clean_log.js
2019-09-03 21:04:56,864 INFO 13304 [egg-schedule]: register schedule E:\饿了吗全链路开发\我的仓库\ele-admin-ts\ele-admin-ts\node_modules\egg-logrotator\app\schedule\rotate_by_file.js
2019-09-03 21:07:18,161 INFO 1708 [egg-schedule]: register schedule E:\饿了吗全链路开发\我的仓库\ele-admin-ts\ele-admin-ts\node_modules\egg-multipart\app\schedule\clean_tmpdir.js
2019-09-03 21:07:18,161 INFO 1708 [egg-schedule]: register schedule E:\饿了吗全链路开发\我的仓库\ele-admin-ts\ele-admin-ts\node_modules\egg-logrotator\app\schedule\clean_log.js
2019-09-03 21:07:18,161 INFO 1708 [egg-schedule]: register schedule E:\饿了吗全链路开发\我的仓库\ele-admin-ts\ele-admin-ts\node_modules\egg-logrotator\app\schedule\rotate_by_file.js
2019-09-03 21:07:19,434 INFO 17060 [Timer] E:\饿了吗全链路开发\我的仓库\ele-admin-ts\ele-admin-ts\node_modules\egg-multipart\app\schedule\clean_tmpdir.js next time will execute after 26560568ms at 2019-09-04 04:30:00.002
2019-09-03 21:07:19,435 INFO 17060 [Timer] E:\饿了吗全链路开发\我的仓库\ele-admin-ts\ele-admin-ts\node_modules\egg-logrotator\app\schedule\clean_log.js next time will execute after 10360565ms at 2019-09-04 00:00:00.000
2019-09-03 21:07:19,435 INFO 17060 [Timer] E:\饿了吗全链路开发\我的仓库\ele-admin-ts\ele-admin-ts\node_modules\egg-logrotator\app\schedule\rotate_by_file.js next time will execute after 10361565ms at 2019-09-04 00:00:01.000
2019-09-03 21:09:02,188 INFO 6452 [egg-schedule]: register schedule E:\饿了吗全链路开发\我的仓库\ele-admin-ts\ele-admin-ts\node_modules\egg-multipart\app\schedule\clean_tmpdir.js
2019-09-03 21:09:02,188 INFO 6452 [egg-schedule]: register schedule E:\饿了吗全链路开发\我的仓库\ele-admin-ts\ele-admin-ts\node_modules\egg-logrotator\app\schedule\clean_log.js
2019-09-03 21:09:02,188 INFO 6452 [egg-schedule]: register schedule E:\饿了吗全链路开发\我的仓库\ele-admin-ts\ele-admin-ts\node_modules\egg-logrotator\app\schedule\rotate_by_file.js
2019-09-03 21:09:10,544 INFO 15108 [egg-schedule]: register schedule E:\饿了吗全链路开发\我的仓库\ele-admin-ts\ele-admin-ts\node_modules\egg-multipart\app\schedule\clean_tmpdir.js
2019-09-03 21:09:10,544 INFO 15108 [egg-schedule]: register schedule E:\饿了吗全链路开发\我的仓库\ele-admin-ts\ele-admin-ts\node_modules\egg-logrotator\app\schedule\clean_log.js
2019-09-03 21:09:10,544 INFO 15108 [egg-schedule]: register schedule E:\饿了吗全链路开发\我的仓库\ele-admin-ts\ele-admin-ts\node_modules\egg-logrotator\app\schedule\rotate_by_file.js
2019-09-03 21:11:48,362 INFO 17704 [egg-schedule]: register schedule E:\饿了吗全链路开发\我的仓库\ele-admin-ts\ele-admin-ts\node_modules\egg-multipart\app\schedule\clean_tmpdir.js
2019-09-03 21:11:48,362 INFO 17704 [egg-schedule]: register schedule E:\饿了吗全链路开发\我的仓库\ele-admin-ts\ele-admin-ts\node_modules\egg-logrotator\app\schedule\clean_log.js
2019-09-03 21:11:48,362 INFO 17704 [egg-schedule]: register schedule E:\饿了吗全链路开发\我的仓库\ele-admin-ts\ele-admin-ts\node_modules\egg-logrotator\app\schedule\rotate_by_file.js
2019-09-03 21:11:48,939 INFO 3312 [Timer] E:\饿了吗全链路开发\我的仓库\ele-admin-ts\ele-admin-ts\node_modules\egg-multipart\app\schedule\clean_tmpdir.js next time will execute after 26291064ms at 2019-09-04 04:30:00.003
2019-09-03 21:11:48,939 INFO 3312 [Timer] E:\饿了吗全链路开发\我的仓库\ele-admin-ts\ele-admin-ts\node_modules\egg-logrotator\app\schedule\clean_log.js next time will execute after 10091061ms at 2019-09-04 00:00:00.000
2019-09-03 21:11:48,939 INFO 3312 [Timer] E:\饿了吗全链路开发\我的仓库\ele-admin-ts\ele-admin-ts\node_modules\egg-logrotator\app\schedule\rotate_by_file.js next time will execute after 10092061ms at 2019-09-04 00:00:01.000
2019-09-03 21:12:07,111 INFO 10552 [egg-schedule]: register schedule E:\饿了吗全链路开发\我的仓库\ele-admin-ts\ele-admin-ts\node_modules\egg-multipart\app\schedule\clean_tmpdir.js
2019-09-03 21:12:07,111 INFO 10552 [egg-schedule]: register schedule E:\饿了吗全链路开发\我的仓库\ele-admin-ts\ele-admin-ts\node_modules\egg-logrotator\app\schedule\clean_log.js
2019-09-03 21:12:07,111 INFO 10552 [egg-schedule]: register schedule E:\饿了吗全链路开发\我的仓库\ele-admin-ts\ele-admin-ts\node_modules\egg-logrotator\app\schedule\rotate_by_file.js
2019-09-03 21:12:10,761 INFO 5640 [egg-schedule]: register schedule E:\饿了吗全链路开发\我的仓库\ele-admin-ts\ele-admin-ts\node_modules\egg-multipart\app\schedule\clean_tmpdir.js
2019-09-03 21:12:10,761 INFO 5640 [egg-schedule]: register schedule E:\饿了吗全链路开发\我的仓库\ele-admin-ts\ele-admin-ts\node_modules\egg-logrotator\app\schedule\clean_log.js
2019-09-03 21:12:10,761 INFO 5640 [egg-schedule]: register schedule E:\饿了吗全链路开发\我的仓库\ele-admin-ts\ele-admin-ts\node_modules\egg-logrotator\app\schedule\rotate_by_file.js
2019-09-03 21:13:14,859 INFO 10772 [egg-schedule]: register schedule E:\饿了吗全链路开发\我的仓库\ele-admin-ts\ele-admin-ts\node_modules\egg-multipart\app\schedule\clean_tmpdir.js
2019-09-03 21:13:14,859 INFO 10772 [egg-schedule]: register schedule E:\饿了吗全链路开发\我的仓库\ele-admin-ts\ele-admin-ts\node_modules\egg-logrotator\app\schedule\clean_log.js
2019-09-03 21:13:14,859 INFO 10772 [egg-schedule]: register schedule E:\饿了吗全链路开发\我的仓库\ele-admin-ts\ele-admin-ts\node_modules\egg-logrotator\app\schedule\rotate_by_file.js
2019-09-03 21:13:18,779 INFO 16288 [egg-schedule]: register schedule E:\饿了吗全链路开发\我的仓库\ele-admin-ts\ele-admin-ts\node_modules\egg-multipart\app\schedule\clean_tmpdir.js
2019-09-03 21:13:18,779 INFO 16288 [egg-schedule]: register schedule E:\饿了吗全链路开发\我的仓库\ele-admin-ts\ele-admin-ts\node_modules\egg-logrotator\app\schedule\clean_log.js
2019-09-03 21:13:18,779 INFO 16288 [egg-schedule]: register schedule E:\饿了吗全链路开发\我的仓库\ele-admin-ts\ele-admin-ts\node_modules\egg-logrotator\app\schedule\rotate_by_file.js
2019-09-03 21:14:07,922 INFO 16192 [egg-schedule]: register schedule E:\饿了吗全链路开发\我的仓库\ele-admin-ts\ele-admin-ts\node_modules\egg-multipart\app\schedule\clean_tmpdir.js
2019-09-03 21:14:07,922 INFO 16192 [egg-schedule]: register schedule E:\饿了吗全链路开发\我的仓库\ele-admin-ts\ele-admin-ts\node_modules\egg-logrotator\app\schedule\clean_log.js
2019-09-03 21:14:07,922 INFO 16192 [egg-schedule]: register schedule E:\饿了吗全链路开发\我的仓库\ele-admin-ts\ele-admin-ts\node_modules\egg-logrotator\app\schedule\rotate_by_file.js
2019-09-03 21:14:09,486 INFO 6440 [Timer] E:\饿了吗全链路开发\我的仓库\ele-admin-ts\ele-admin-ts\node_modules\egg-multipart\app\schedule\clean_tmpdir.js next time will execute after 26150516ms at 2019-09-04 04:30:00.002
2019-09-03 21:14:09,486 INFO 6440 [Timer] E:\饿了吗全链路开发\我的仓库\ele-admin-ts\ele-admin-ts\node_modules\egg-logrotator\app\schedule\clean_log.js next time will execute after 9950514ms at 2019-09-04 00:00:00.000
2019-09-03 21:14:09,487 INFO 6440 [Timer] E:\饿了吗全链路开发\我的仓库\ele-admin-ts\ele-admin-ts\node_modules\egg-logrotator\app\schedule\rotate_by_file.js next time will execute after 9951513ms at 2019-09-04 00:00:01.000
