2019-08-20 16:21:06,424 INFO 14588 [egg-sequelize](11ms) Executed (default): SELECT 1+1 AS result
2019-08-20 16:21:08,932 INFO 8972 [egg-sequelize](6ms) Executed (default): SELECT 1+1 AS result
2019-08-20 16:24:08,499 INFO 10380 [egg-sequelize](6ms) Executed (default): SELECT 1+1 AS result
2019-08-20 16:32:38,646 INFO 10424 [egg-sequelize](9ms) Executed (default): SELECT 1+1 AS result
2019-08-20 16:34:25,348 INFO 11812 [egg-sequelize](9ms) Executed (default): SELECT 1+1 AS result
2019-08-20 16:34:27,462 INFO 13388 [egg-sequelize](5ms) Executed (default): SELECT 1+1 AS result
2019-08-20 16:34:35,937 INFO 15480 [egg-sequelize](9ms) Executed (default): SELECT 1+1 AS result
2019-08-20 16:34:38,351 INFO 12896 [egg-sequelize](12ms) Executed (default): SELECT 1+1 AS result
2019-08-20 16:36:05,769 INFO 4464 [egg-sequelize](9ms) Executed (default): SELECT 1+1 AS result
2019-08-20 16:36:08,045 INFO 4124 [egg-sequelize](8ms) Executed (default): SELECT 1+1 AS result
2019-08-20 16:38:48,347 INFO 14440 [egg-sequelize](6ms) Executed (default): SELECT 1+1 AS result
2019-08-20 16:38:50,567 INFO 16172 [egg-sequelize](9ms) Executed (default): SELECT 1+1 AS result
2019-08-20 16:42:26,953 INFO 10324 [egg-sequelize](5ms) Executed (default): SELECT 1+1 AS result
2019-08-20 16:42:29,228 INFO 13600 [egg-sequelize](5ms) Executed (default): SELECT 1+1 AS result
2019-08-20 16:43:15,126 INFO 8044 [egg-sequelize](8ms) Executed (default): SELECT 1+1 AS result
2019-08-20 16:43:17,389 INFO 2056 [egg-sequelize](7ms) Executed (default): SELECT 1+1 AS result
2019-08-20 16:45:15,759 INFO 14780 [egg-sequelize](8ms) Executed (default): SELECT 1+1 AS result
2019-08-20 16:45:19,528 INFO 14984 [egg-sequelize](8ms) Executed (default): SELECT 1+1 AS result
2019-08-20 16:45:34,762 INFO 13132 [egg-sequelize](8ms) Executed (default): SELECT 1+1 AS result
2019-08-20 16:45:38,575 INFO 7892 [egg-sequelize](9ms) Executed (default): SELECT 1+1 AS result
2019-08-20 16:45:44,259 INFO 12848 [egg-sequelize](8ms) Executed (default): SELECT 1+1 AS result
2019-08-20 16:45:47,978 INFO 10792 [egg-sequelize](11ms) Executed (default): SELECT 1+1 AS result
2019-08-20 16:45:57,384 INFO 15544 [egg-sequelize](8ms) Executed (default): SELECT 1+1 AS result
2019-08-20 16:46:01,165 INFO 15700 [egg-sequelize](9ms) Executed (default): SELECT 1+1 AS result
2019-08-20 16:46:20,415 INFO 13908 [egg-sequelize](7ms) Executed (default): SELECT 1+1 AS result
2019-08-20 16:46:22,501 INFO 14856 [egg-sequelize](5ms) Executed (default): SELECT 1+1 AS result
2019-08-20 16:46:36,287 INFO 14792 [egg-sequelize](9ms) Executed (default): SELECT 1+1 AS result
2019-08-20 16:46:38,627 INFO 13132 [egg-sequelize](5ms) Executed (default): SELECT 1+1 AS result
2019-08-20 16:48:45,520 INFO 15948 [egg-sequelize](8ms) Executed (default): SELECT 1+1 AS result
2019-08-20 16:48:47,613 INFO 11340 [egg-sequelize](5ms) Executed (default): SELECT 1+1 AS result
2019-08-20 16:49:07,253 INFO 9112 [egg-sequelize](7ms) Executed (default): SELECT 1+1 AS result
2019-08-20 16:49:09,357 INFO 12816 [egg-sequelize](6ms) Executed (default): SELECT 1+1 AS result
2019-08-20 16:50:57,157 INFO 1120 [egg-sequelize](10ms) Executed (default): SELECT 1+1 AS result
2019-08-20 16:50:59,310 INFO 4800 [egg-sequelize](6ms) Executed (default): SELECT 1+1 AS result
2019-08-20 16:51:34,887 INFO 15200 [egg-sequelize](6ms) Executed (default): SELECT 1+1 AS result
2019-08-20 16:51:37,052 INFO 13228 [egg-sequelize](10ms) Executed (default): SELECT 1+1 AS result
2019-08-20 16:57:32,121 INFO 14036 [egg-sequelize](9ms) Executed (default): SELECT 1+1 AS result
2019-08-20 16:57:34,254 INFO 14764 [egg-sequelize](11ms) Executed (default): SELECT 1+1 AS result
2019-08-20 16:58:36,430 INFO 13804 [egg-sequelize](6ms) Executed (default): SELECT 1+1 AS result
2019-08-20 16:58:38,692 INFO 5856 [egg-sequelize](9ms) Executed (default): SELECT 1+1 AS result
2019-08-20 17:01:03,116 INFO 4112 [egg-sequelize](5ms) Executed (default): SELECT 1+1 AS result
2019-08-20 17:01:05,238 INFO 12012 [egg-sequelize](6ms) Executed (default): SELECT 1+1 AS result
2019-08-20 17:01:12,027 INFO 11124 [egg-sequelize](9ms) Executed (default): SELECT 1+1 AS result
2019-08-20 17:01:14,205 INFO 8716 [egg-sequelize](6ms) Executed (default): SELECT 1+1 AS result
2019-08-20 17:02:43,483 INFO 14036 [egg-sequelize](7ms) Executed (default): SELECT 1+1 AS result
2019-08-20 17:02:45,702 INFO 4004 [egg-sequelize](8ms) Executed (default): SELECT 1+1 AS result
2019-08-20 17:04:07,616 INFO 6780 [egg-sequelize](8ms) Executed (default): SELECT 1+1 AS result
2019-08-20 17:04:09,886 INFO 10228 [egg-sequelize](12ms) Executed (default): SELECT 1+1 AS result
2019-08-20 17:04:56,010 INFO 15656 [egg-sequelize](5ms) Executed (default): SELECT 1+1 AS result
2019-08-20 17:04:58,636 INFO 7380 [egg-sequelize](8ms) Executed (default): SELECT 1+1 AS result
2019-08-20 17:07:46,445 INFO 4432 [egg-sequelize](10ms) Executed (default): SELECT 1+1 AS result
2019-08-20 17:07:48,583 INFO 3060 [egg-sequelize](7ms) Executed (default): SELECT 1+1 AS result
2019-08-20 17:08:30,340 INFO 11196 [egg-sequelize](4ms) Executed (default): SELECT 1+1 AS result
2019-08-20 17:08:34,873 INFO 14472 [egg-sequelize](9ms) Executed (default): SELECT 1+1 AS result
2019-08-20 17:08:57,986 INFO 10804 [egg-sequelize](7ms) Executed (default): SELECT 1+1 AS result
2019-08-20 17:10:45,963 INFO 10320 [egg-sequelize](10ms) Executed (default): SELECT 1+1 AS result
2019-08-20 17:10:48,066 INFO 7284 [egg-sequelize](9ms) Executed (default): SELECT 1+1 AS result
2019-08-20 17:11:06,866 INFO 13092 [egg-sequelize](4ms) Executed (default): SELECT 1+1 AS result
2019-08-20 17:11:09,141 INFO 11896 [egg-sequelize](9ms) Executed (default): SELECT 1+1 AS result
2019-08-20 17:11:27,574 INFO 12088 [egg-sequelize](6ms) Executed (default): SELECT 1+1 AS result
2019-08-20 17:11:30,057 INFO 620 [egg-sequelize](9ms) Executed (default): SELECT 1+1 AS result
2019-08-20 17:11:51,087 INFO 608 [egg-sequelize](10ms) Executed (default): SELECT 1+1 AS result
2019-08-20 17:11:53,244 INFO 14468 [egg-sequelize](8ms) Executed (default): SELECT 1+1 AS result
2019-08-20 17:12:55,296 INFO 11772 [egg-sequelize](5ms) Executed (default): SELECT 1+1 AS result
2019-08-20 17:12:57,621 INFO 13244 [egg-sequelize](6ms) Executed (default): SELECT 1+1 AS result
2019-08-20 17:12:58,821 INFO 13244 [egg-sequelize](6ms) Executed (default): SELECT count(*) AS `count` FROM `merchants` AS `merchants`;
2019-08-20 17:13:25,741 INFO 7632 [egg-sequelize](9ms) Executed (default): SELECT 1+1 AS result
2019-08-20 17:13:28,074 INFO 14944 [egg-sequelize](9ms) Executed (default): SELECT 1+1 AS result
2019-08-20 17:15:41,308 INFO 14400 [egg-sequelize](5ms) Executed (default): SELECT 1+1 AS result
2019-08-20 17:15:43,585 INFO 14468 [egg-sequelize](5ms) Executed (default): SELECT 1+1 AS result
2019-08-20 17:15:46,077 INFO 14468 [egg-sequelize](4ms) Executed (default): SELECT count(*) AS `count` FROM `merchants` AS `merchants` WHERE `merchants`.`name` = '笑佛';
2019-08-20 17:15:46,084 INFO 14468 [egg-sequelize](5ms) Executed (default): SELECT `id`, `name`, `address`, `mobile`, `synopsis`, `slogan`, `category`, `ship_price`, `send_price`, `start_time`, `end_time`, `shop_avatar`, `business_license`, `catering_license`, `score`, `longitude`, `latitude`, `is_delete` FROM `merchants` AS `merchants` WHERE `merchants`.`name` = '笑佛' LIMIT 0, 10;
2019-08-20 17:16:49,614 INFO 13172 [egg-sequelize](4ms) Executed (default): SELECT 1+1 AS result
2019-08-20 17:16:52,109 INFO 2436 [egg-sequelize](6ms) Executed (default): SELECT 1+1 AS result
2019-08-20 17:17:20,463 INFO 13092 [egg-sequelize](6ms) Executed (default): SELECT 1+1 AS result
2019-08-20 17:17:22,936 INFO 9052 [egg-sequelize](7ms) Executed (default): SELECT 1+1 AS result
2019-08-20 17:17:40,076 INFO 1664 [egg-sequelize](8ms) Executed (default): SELECT 1+1 AS result
2019-08-20 17:17:42,282 INFO 16140 [egg-sequelize](8ms) Executed (default): SELECT 1+1 AS result
2019-08-20 17:18:21,545 INFO 9288 [egg-sequelize](7ms) Executed (default): SELECT 1+1 AS result
2019-08-20 17:18:24,129 INFO 14212 [egg-sequelize](8ms) Executed (default): SELECT 1+1 AS result
2019-08-20 17:19:10,356 INFO 15972 [egg-sequelize](10ms) Executed (default): SELECT 1+1 AS result
2019-08-20 17:19:12,848 INFO 12112 [egg-sequelize](7ms) Executed (default): SELECT 1+1 AS result
2019-08-20 17:19:40,369 INFO 7872 [egg-sequelize](8ms) Executed (default): SELECT 1+1 AS result
2019-08-20 17:19:42,466 INFO 5552 [egg-sequelize](6ms) Executed (default): SELECT 1+1 AS result
2019-08-21 11:17:34,597 INFO 908 [egg-sequelize](9ms) Executed (default): SELECT 1+1 AS result
2019-08-21 11:18:45,363 INFO 908 [egg-sequelize](10ms) Executed (default): SELECT `id`, `avatar`, `user_name`, `mobile`, `registe_time`, `permissions`, `created_at`, `updated_at`, `password` FROM `admins` AS `admin` WHERE `admin`.`mobile` = '17688702092' LIMIT 1;
2019-08-21 11:22:01,101 INFO 5688 [egg-sequelize](10ms) Executed (default): SELECT 1+1 AS result
2019-08-21 11:22:05,073 INFO 12740 [egg-sequelize](6ms) Executed (default): SELECT 1+1 AS result
2019-08-21 11:22:14,819 INFO 5688 [egg-sequelize](10ms) Executed (default): SELECT 1+1 AS result
2019-08-21 11:22:16,960 INFO 12916 [egg-sequelize](9ms) Executed (default): SELECT 1+1 AS result
2019-08-21 11:22:21,170 INFO 12916 [egg-sequelize](10ms) Executed (default): SELECT `id`, `avatar`, `user_name`, `mobile`, `registe_time`, `permissions`, `created_at`, `updated_at`, `password` FROM `admins` AS `admin` WHERE `admin`.`mobile` = '17688702092' LIMIT 1;
2019-08-21 11:22:22,729 INFO 12916 [egg-sequelize](9ms) Executed (default): SELECT `id`, `avatar`, `user_name`, `mobile`, `registe_time`, `permissions`, `created_at`, `updated_at`, `password` FROM `admins` AS `admin` WHERE `admin`.`mobile` = '17688702092' LIMIT 1;
2019-08-21 11:22:23,562 INFO 12916 [egg-sequelize](8ms) Executed (default): SELECT `id`, `avatar`, `user_name`, `mobile`, `registe_time`, `permissions`, `created_at`, `updated_at`, `password` FROM `admins` AS `admin` WHERE `admin`.`mobile` = '17688702092' LIMIT 1;
2019-08-21 11:22:24,308 INFO 12916 [egg-sequelize](9ms) Executed (default): SELECT `id`, `avatar`, `user_name`, `mobile`, `registe_time`, `permissions`, `created_at`, `updated_at`, `password` FROM `admins` AS `admin` WHERE `admin`.`mobile` = '17688702092' LIMIT 1;
2019-08-21 11:22:24,957 INFO 12916 [egg-sequelize](14ms) Executed (default): SELECT `id`, `avatar`, `user_name`, `mobile`, `registe_time`, `permissions`, `created_at`, `updated_at`, `password` FROM `admins` AS `admin` WHERE `admin`.`mobile` = '17688702092' LIMIT 1;
2019-08-21 11:22:25,571 INFO 12916 [egg-sequelize](8ms) Executed (default): SELECT `id`, `avatar`, `user_name`, `mobile`, `registe_time`, `permissions`, `created_at`, `updated_at`, `password` FROM `admins` AS `admin` WHERE `admin`.`mobile` = '17688702092' LIMIT 1;
2019-08-21 11:22:26,251 INFO 12916 [egg-sequelize](9ms) Executed (default): SELECT `id`, `avatar`, `user_name`, `mobile`, `registe_time`, `permissions`, `created_at`, `updated_at`, `password` FROM `admins` AS `admin` WHERE `admin`.`mobile` = '17688702092' LIMIT 1;
2019-08-21 11:22:38,126 WARN 12916 nodejs.BadRequestError: Content-Type must be multipart/*
    at Object.throw (E:\饿了吗全链路开发\我的仓库\ele-admin-ts\ele-admin-ts\node_modules\koa\lib\context.js:97:11)
    at Object.multipart (E:\饿了吗全链路开发\我的仓库\ele-admin-ts\ele-admin-ts\node_modules\egg-multipart\app\extend\context.js:166:17)
    at Object.getFileStream (E:\饿了吗全链路开发\我的仓库\ele-admin-ts\ele-admin-ts\node_modules\egg-multipart\app\extend\context.js:206:24)
    at AdminController.updateAvatar (E:\饿了吗全链路开发\我的仓库\ele-admin-ts\ele-admin-ts\app\controller\admin.ts:57:35)
    at Object.callFn (E:\饿了吗全链路开发\我的仓库\ele-admin-ts\ele-admin-ts\node_modules\egg-core\lib\utils\index.js:44:21)
    at Object.classControllerMiddleware (E:\饿了吗全链路开发\我的仓库\ele-admin-ts\ele-admin-ts\node_modules\egg-core\lib\loader\mixin\controller.js:87:20)
    at Object.callFn (E:\饿了吗全链路开发\我的仓库\ele-admin-ts\ele-admin-ts\node_modules\@eggjs\router\lib\utils.js:12:21)
    at wrappedController (E:\饿了吗全链路开发\我的仓库\ele-admin-ts\ele-admin-ts\node_modules\@eggjs\router\lib\egg_router.js:322:18)
    at dispatch (E:\饿了吗全链路开发\我的仓库\ele-admin-ts\ele-admin-ts\node_modules\koa-compose\index.js:44:32)
    at next (E:\饿了吗全链路开发\我的仓库\ele-admin-ts\ele-admin-ts\node_modules\koa-compose\index.js:45:18)
    at E:\饿了吗全链路开发\我的仓库\ele-admin-ts\ele-admin-ts\node_modules\@eggjs\router\lib\router.js:190:18
    at dispatch (E:\饿了吗全链路开发\我的仓库\ele-admin-ts\ele-admin-ts\node_modules\koa-compose\index.js:44:32)
    at E:\饿了吗全链路开发\我的仓库\ele-admin-ts\ele-admin-ts\node_modules\koa-compose\index.js:36:12
    at dispatch (E:\饿了吗全链路开发\我的仓库\ele-admin-ts\ele-admin-ts\node_modules\@eggjs\router\lib\router.js:195:33)
    at dispatch (E:\饿了吗全链路开发\我的仓库\ele-admin-ts\ele-admin-ts\node_modules\koa\node_modules\koa-compose\index.js:42:32)
    at E:\饿了吗全链路开发\我的仓库\ele-admin-ts\ele-admin-ts\app\middleware\error_handler.js:13:13
    at dispatch (E:\饿了吗全链路开发\我的仓库\ele-admin-ts\ele-admin-ts\node_modules\koa\node_modules\koa-compose\index.js:42:32)
    at E:\饿了吗全链路开发\我的仓库\ele-admin-ts\ele-admin-ts\node_modules\egg-development\app\middleware\egg_loader_trace.js:9:56
    at dispatch (E:\饿了吗全链路开发\我的仓库\ele-admin-ts\ele-admin-ts\node_modules\koa\node_modules\koa-compose\index.js:42:32)
    at i18n (E:\饿了吗全链路开发\我的仓库\ele-admin-ts\ele-admin-ts\node_modules\egg-i18n\app\middleware\i18n.js:13:12)
    at dispatch (E:\饿了吗全链路开发\我的仓库\ele-admin-ts\ele-admin-ts\node_modules\koa\node_modules\koa-compose\index.js:42:32)
    at dispatch (E:\饿了吗全链路开发\我的仓库\ele-admin-ts\ele-admin-ts\node_modules\egg-security\node_modules\koa-compose\index.js:42:32)
message: "Content-Type must be multipart/*"
pid: 12916
hostname: DESKTOP-COOIT9S

2019-08-21 11:22:38,140 ERROR 12916 nodejs.TypeError: Cannot read property 'warn' of undefined
    at Application.app.on (E:\饿了吗全链路开发\我的仓库\ele-admin-ts\ele-admin-ts\node_modules\egg-onerror\app.js:37:18)
    at Application.emit (events.js:189:13)
    at E:\饿了吗全链路开发\我的仓库\ele-admin-ts\ele-admin-ts\app\middleware\error_handler.js:16:15
    at process._tickCallback (internal/process/next_tick.js:68:7)

pid: 12916
hostname: DESKTOP-COOIT9S

2019-08-21 11:22:48,008 INFO 12916 [egg-sequelize](6ms) Executed (default): SELECT count(*) AS `count` FROM `admins` AS `admin`;
2019-08-21 11:23:12,930 INFO 2236 [egg-sequelize](8ms) Executed (default): SELECT 1+1 AS result
2019-08-21 11:23:15,088 INFO 12744 [egg-sequelize](5ms) Executed (default): SELECT 1+1 AS result
2019-08-21 11:23:24,963 INFO 11156 [egg-sequelize](8ms) Executed (default): SELECT 1+1 AS result
2019-08-21 11:23:27,295 INFO 12860 [egg-sequelize](6ms) Executed (default): SELECT 1+1 AS result
2019-08-21 11:31:36,175 INFO 11312 [egg-sequelize](7ms) Executed (default): SELECT 1+1 AS result
2019-08-21 11:31:38,361 INFO 3964 [egg-sequelize](8ms) Executed (default): SELECT 1+1 AS result
2019-08-21 11:32:05,275 INFO 7260 [egg-sequelize](10ms) Executed (default): SELECT 1+1 AS result
2019-08-21 11:32:07,562 INFO 12064 [egg-sequelize](10ms) Executed (default): SELECT 1+1 AS result
2019-08-21 11:32:16,749 INFO 11560 [egg-sequelize](5ms) Executed (default): SELECT 1+1 AS result
2019-08-21 11:32:18,976 INFO 10960 [egg-sequelize](8ms) Executed (default): SELECT 1+1 AS result
2019-08-21 11:32:28,797 INFO 11408 [egg-sequelize](9ms) Executed (default): SELECT 1+1 AS result
2019-08-21 11:32:31,360 INFO 9532 [egg-sequelize](10ms) Executed (default): SELECT 1+1 AS result
2019-08-21 11:32:37,346 INFO 11280 [egg-sequelize](8ms) Executed (default): SELECT 1+1 AS result
2019-08-21 11:32:39,779 INFO 12912 [egg-sequelize](10ms) Executed (default): SELECT 1+1 AS result
2019-08-21 11:32:55,027 INFO 11580 [egg-sequelize](10ms) Executed (default): SELECT 1+1 AS result
2019-08-21 11:32:57,221 INFO 812 [egg-sequelize](9ms) Executed (default): SELECT 1+1 AS result
2019-08-21 11:33:24,743 INFO 10976 [egg-sequelize](7ms) Executed (default): SELECT 1+1 AS result
2019-08-21 11:33:29,366 INFO 13984 [egg-sequelize](10ms) Executed (default): SELECT 1+1 AS result
2019-08-21 11:33:31,143 INFO 11312 [egg-sequelize](7ms) Executed (default): SELECT 1+1 AS result
2019-08-21 14:06:46,007 INFO 16032 [egg-sequelize](8ms) Executed (default): SELECT 1+1 AS result
2019-08-21 14:07:10,584 INFO 7740 [egg-sequelize](8ms) Executed (default): SELECT 1+1 AS result
2019-08-21 14:07:13,288 INFO 10684 [egg-sequelize](9ms) Executed (default): SELECT 1+1 AS result
2019-08-21 14:07:22,343 INFO 16572 [egg-sequelize](9ms) Executed (default): SELECT 1+1 AS result
2019-08-21 14:07:24,812 INFO 8728 [egg-sequelize](11ms) Executed (default): SELECT 1+1 AS result
2019-08-21 14:07:39,213 INFO 12440 [egg-sequelize](5ms) Executed (default): SELECT 1+1 AS result
2019-08-21 14:07:41,345 INFO 17064 [egg-sequelize](7ms) Executed (default): SELECT 1+1 AS result
2019-08-21 14:09:56,573 INFO 10100 [egg-sequelize](8ms) Executed (default): SELECT 1+1 AS result
2019-08-21 14:09:58,891 INFO 16504 [egg-sequelize](6ms) Executed (default): SELECT 1+1 AS result
2019-08-21 14:10:28,387 INFO 11668 [egg-sequelize](12ms) Executed (default): SELECT 1+1 AS result
2019-08-21 14:10:30,803 INFO 14428 [egg-sequelize](9ms) Executed (default): SELECT 1+1 AS result
2019-08-21 14:11:03,843 INFO 17344 [egg-sequelize](6ms) Executed (default): SELECT 1+1 AS result
2019-08-21 14:11:05,975 INFO 15100 [egg-sequelize](7ms) Executed (default): SELECT 1+1 AS result
2019-08-21 14:11:27,224 INFO 17336 [egg-sequelize](9ms) Executed (default): SELECT 1+1 AS result
2019-08-21 14:11:29,543 INFO 4740 [egg-sequelize](6ms) Executed (default): SELECT 1+1 AS result
2019-08-21 14:12:08,237 INFO 16480 [egg-sequelize](10ms) Executed (default): SELECT 1+1 AS result
2019-08-21 14:12:10,454 INFO 3680 [egg-sequelize](9ms) Executed (default): SELECT 1+1 AS result
2019-08-21 14:12:24,820 INFO 15088 [egg-sequelize](11ms) Executed (default): SELECT 1+1 AS result
2019-08-21 14:12:27,309 INFO 17308 [egg-sequelize](6ms) Executed (default): SELECT 1+1 AS result
2019-08-21 14:13:11,433 INFO 15980 [egg-sequelize](7ms) Executed (default): SELECT 1+1 AS result
2019-08-21 14:13:13,614 INFO 11860 [egg-sequelize](11ms) Executed (default): SELECT 1+1 AS result
2019-08-21 14:13:54,370 INFO 612 [egg-sequelize](6ms) Executed (default): SELECT 1+1 AS result
2019-08-21 14:13:56,779 INFO 16628 [egg-sequelize](10ms) Executed (default): SELECT 1+1 AS result
2019-08-21 14:17:46,592 INFO 13644 [egg-sequelize](6ms) Executed (default): SELECT 1+1 AS result
2019-08-21 14:17:48,972 INFO 1708 [egg-sequelize](6ms) Executed (default): SELECT 1+1 AS result
2019-08-21 14:17:52,103 INFO 1708 [egg-sequelize](7ms) Executed (default): SELECT count(*) AS `count` FROM `merchants` AS `merchants` WHERE `merchants`.`name` LIKE '%笑佛%';
2019-08-21 14:17:52,114 INFO 1708 [egg-sequelize](9ms) Executed (default): SELECT `id`, `name`, `address`, `mobile`, `synopsis`, `slogan`, `category`, `ship_price`, `send_price`, `start_time`, `end_time`, `shop_avatar`, `business_license`, `catering_license`, `score`, `longitude`, `latitude`, `is_delete` FROM `merchants` AS `merchants` WHERE `merchants`.`name` LIKE '%笑佛%' LIMIT 0, 10;
2019-08-21 14:19:38,621 INFO 12068 [egg-sequelize](7ms) Executed (default): SELECT 1+1 AS result
2019-08-21 14:19:41,121 INFO 11224 [egg-sequelize](8ms) Executed (default): SELECT 1+1 AS result
2019-08-21 14:20:03,390 INFO 14504 [egg-sequelize](5ms) Executed (default): SELECT 1+1 AS result
2019-08-21 14:20:05,565 INFO 7312 [egg-sequelize](8ms) Executed (default): SELECT 1+1 AS result
2019-08-21 14:20:27,436 INFO 2004 [egg-sequelize](8ms) Executed (default): SELECT 1+1 AS result
2019-08-21 14:20:30,005 INFO 13756 [egg-sequelize](12ms) Executed (default): SELECT 1+1 AS result
2019-08-21 14:20:44,390 INFO 3020 [egg-sequelize](5ms) Executed (default): SELECT 1+1 AS result
2019-08-21 14:20:46,501 INFO 6096 [egg-sequelize](8ms) Executed (default): SELECT 1+1 AS result
2019-08-21 14:21:33,470 INFO 16012 [egg-sequelize](7ms) Executed (default): SELECT 1+1 AS result
2019-08-21 14:21:35,574 INFO 11864 [egg-sequelize](6ms) Executed (default): SELECT 1+1 AS result
2019-08-21 14:23:34,863 INFO 200 [egg-sequelize](5ms) Executed (default): SELECT 1+1 AS result
2019-08-21 14:23:37,198 INFO 1416 [egg-sequelize](9ms) Executed (default): SELECT 1+1 AS result
2019-08-21 14:23:49,489 INFO 928 [egg-sequelize](8ms) Executed (default): SELECT 1+1 AS result
2019-08-21 14:23:52,255 INFO 16524 [egg-sequelize](9ms) Executed (default): SELECT 1+1 AS result
2019-08-21 14:23:55,200 INFO 16524 [egg-sequelize](10ms) Executed (default): SELECT count(*) AS `count` FROM `merchants` AS `merchants` WHERE `merchants`.`name` LIKE '%笑佛%';
2019-08-21 14:23:55,219 INFO 16524 [egg-sequelize](16ms) Executed (default): SELECT `id`, `name`, `address`, `mobile`, `synopsis`, `slogan`, `category`, `ship_price`, `send_price`, `start_time`, `end_time`, `shop_avatar`, `business_license`, `catering_license`, `score`, `longitude`, `latitude`, `is_delete` FROM `merchants` AS `merchants` WHERE `merchants`.`name` LIKE '%笑佛%' LIMIT 0, 10;
2019-08-21 14:25:17,819 INFO 16200 [egg-sequelize](5ms) Executed (default): SELECT 1+1 AS result
2019-08-21 14:25:20,326 INFO 15320 [egg-sequelize](9ms) Executed (default): SELECT 1+1 AS result
2019-08-21 14:25:25,246 INFO 15320 [egg-sequelize](10ms) Executed (default): SELECT count(*) AS `count` FROM `merchants` AS `merchants`;
2019-08-21 14:25:25,257 INFO 15320 [egg-sequelize](9ms) Executed (default): SELECT `id`, `name`, `address`, `mobile`, `synopsis`, `slogan`, `category`, `ship_price`, `send_price`, `start_time`, `end_time`, `shop_avatar`, `business_license`, `catering_license`, `score`, `longitude`, `latitude`, `is_delete` FROM `merchants` AS `merchants` LIMIT 0, 10;
2019-08-21 14:26:14,608 INFO 15372 [egg-sequelize](13ms) Executed (default): SELECT 1+1 AS result
2019-08-21 14:26:17,114 INFO 11312 [egg-sequelize](6ms) Executed (default): SELECT 1+1 AS result
2019-08-21 14:26:18,741 INFO 11312 [egg-sequelize](6ms) Executed (default): SELECT count(*) AS `count` FROM `merchants` AS `merchants`;
2019-08-21 14:26:18,751 INFO 11312 [egg-sequelize](8ms) Executed (default): SELECT `id`, `name`, `address`, `mobile`, `synopsis`, `slogan`, `category`, `ship_price`, `send_price`, `start_time`, `end_time`, `shop_avatar`, `business_license`, `catering_license`, `score`, `longitude`, `latitude`, `is_delete` FROM `merchants` AS `merchants` LIMIT 0, 10;
2019-08-21 14:26:31,325 INFO 16616 [egg-sequelize](8ms) Executed (default): SELECT 1+1 AS result
2019-08-21 14:26:33,455 INFO 9936 [egg-sequelize](5ms) Executed (default): SELECT 1+1 AS result
2019-08-21 14:26:35,007 INFO 9936 [egg-sequelize](6ms) Executed (default): SELECT count(*) AS `count` FROM `merchants` AS `merchants` WHERE `merchants`.`name` LIKE '%笑佛%';
2019-08-21 14:26:35,017 INFO 9936 [egg-sequelize](8ms) Executed (default): SELECT `id`, `name`, `address`, `mobile`, `synopsis`, `slogan`, `category`, `ship_price`, `send_price`, `start_time`, `end_time`, `shop_avatar`, `business_license`, `catering_license`, `score`, `longitude`, `latitude`, `is_delete` FROM `merchants` AS `merchants` WHERE `merchants`.`name` LIKE '%笑佛%' LIMIT 0, 10;
